#
# There is insufficient memory for the Java Runtime Environment to continue.
# Native memory allocation (malloc) failed to allocate 1617696 bytes for Chunk::new
# Possible reasons:
#   The system is out of physical RAM or swap space
#   The process is running with CompressedOops enabled, and the Java Heap may be blocking the growth of the native heap
# Possible solutions:
#   Reduce memory load on the system
#   Increase physical memory or swap space
#   Check if swap backing store is full
#   Decrease Java heap size (-Xmx/-Xms)
#   Decrease number of Java threads
#   Decrease Java thread stack sizes (-Xss)
#   Set larger code cache with -XX:ReservedCodeCacheSize=
#   JVM is running with Unscaled Compressed Oops mode in which the Java heap is
#     placed in the first 4GB address space. The Java Heap base address is the
#     maximum limit for the native heap growth. Please use -XX:HeapBaseMinAddress
#     to set the Java Heap base and to place the Java Heap above 4GB virtual address.
# This output file may be truncated or incomplete.
#
#  Out of Memory Error (allocation.cpp:389), pid=10872, tid=0x0000000000003f40
#
# JRE version: OpenJDK Runtime Environment (8.0_212-b04) (build 1.8.0_212-release-1586-b04)
# Java VM: OpenJDK 64-Bit Server VM (25.212-b04 mixed mode windows-amd64 compressed oops)
# Failed to write core dump. Minidumps are not enabled by default on client versions of Windows
#

---------------  T H R E A D  ---------------

Current thread (0x0000000015e6f800):  JavaThread "C2 CompilerThread0" daemon [_thread_in_native, id=16192, stack(0x0000000017500000,0x0000000017600000)]

Stack: [0x0000000017500000,0x0000000017600000]
[error occurred during error reporting (printing stack bounds), id 0xc0000005]

Native frames: (J=compiled Java code, j=interpreted, Vv=VM code, C=native code)


Current CompileTask:
C2:   6418 3157       4       groovy.lang.MetaClassImpl$1MOPIter::methodNameAction (325 bytes)


---------------  P R O C E S S  ---------------

Java Threads: ( => current thread )
  0x000000001a3f9000 JavaThread "Build operations Thread 4" [_thread_blocked, id=6992, stack(0x0000000021740000,0x0000000021840000)]
  0x000000001a3ff800 JavaThread "Build operations Thread 3" [_thread_blocked, id=10852, stack(0x0000000021640000,0x0000000021740000)]
  0x000000001a3fb000 JavaThread "Build operations Thread 2" [_thread_blocked, id=13840, stack(0x0000000021540000,0x0000000021640000)]
  0x000000001a3ff000 JavaThread "Build operations" [_thread_blocked, id=12752, stack(0x00000000211a0000,0x00000000212a0000)]
  0x00000000187e7000 JavaThread "Cache worker for execution history cache (C:\Users\Caroline\.gradle\caches\5.6.4\executionHistory)" [_thread_blocked, id=11348, stack(0x000000001e960000,0x000000001ea60000)]
  0x00000000187e5800 JavaThread "Cache worker for cache directory md-rule (C:\Users\Caroline\.gradle\caches\5.6.4\md-rule)" [_thread_blocked, id=16888, stack(0x000000001e860000,0x000000001e960000)]
  0x00000000187e6000 JavaThread "Cache worker for cache directory md-supplier (C:\Users\Caroline\.gradle\caches\5.6.4\md-supplier)" [_thread_blocked, id=4376, stack(0x000000001e4f0000,0x000000001e5f0000)]
  0x00000000187e1000 JavaThread "Cache worker for file hash cache (C:\Users\Caroline\Desktop\ethz\3D_vision\fixing-ar\fixing-ar\.gradle\5.6.4\fileHashes)" [_thread_blocked, id=4132, stack(0x000000001dff0000,0x000000001e0f0000)]
  0x00000000187e4800 JavaThread "Cache worker for journal cache (C:\Users\Caroline\.gradle\caches\journal-1)" [_thread_blocked, id=10376, stack(0x000000001bc50000,0x000000001bd50000)]
  0x00000000187e0000 JavaThread "File lock request listener" [_thread_in_native, id=17064, stack(0x000000001bb50000,0x000000001bc50000)]
  0x0000000019408800 JavaThread "Cache worker for file hash cache (C:\Users\Caroline\.gradle\caches\5.6.4\fileHashes)" [_thread_blocked, id=7060, stack(0x000000001ba50000,0x000000001bb50000)]
  0x000000001985b000 JavaThread "Thread-9" [_thread_blocked, id=9504, stack(0x000000001b750000,0x000000001b850000)]
  0x0000000019856800 JavaThread "Stdin handler" [_thread_blocked, id=10312, stack(0x000000001b650000,0x000000001b750000)]
  0x00000000197e2000 JavaThread "Asynchronous log dispatcher for DefaultDaemonConnection: socket connection from /127.0.0.1:54111 to /127.0.0.1:54112" [_thread_blocked, id=5084, stack(0x000000001b550000,0x000000001b650000)]
  0x00000000197dc800 JavaThread "Daemon worker" [_thread_in_vm, id=13860, stack(0x000000001b450000,0x000000001b550000)]
  0x00000000197a6800 JavaThread "Cancel handler" [_thread_blocked, id=4584, stack(0x000000001b350000,0x000000001b450000)]
  0x00000000197f7800 JavaThread "Handler for socket connection from /127.0.0.1:54111 to /127.0.0.1:54112" [_thread_in_native, id=4212, stack(0x000000001b050000,0x000000001b150000)]
  0x00000000197e9000 JavaThread "Daemon" [_thread_blocked, id=3384, stack(0x000000001af50000,0x000000001b050000)]
  0x00000000197c0800 JavaThread "Daemon periodic checks" [_thread_blocked, id=13892, stack(0x000000001ae50000,0x000000001af50000)]
  0x00000000197b4800 JavaThread "Incoming local TCP Connector on port 54111" [_thread_in_native, id=7984, stack(0x000000001abe0000,0x000000001ace0000)]
  0x0000000017e55000 JavaThread "Daemon health stats" [_thread_blocked, id=16108, stack(0x000000001a5a0000,0x000000001a6a0000)]
  0x0000000015ece800 JavaThread "Service Thread" daemon [_thread_blocked, id=12936, stack(0x0000000017c00000,0x0000000017d00000)]
  0x0000000015e84800 JavaThread "C1 CompilerThread2" daemon [_thread_blocked, id=3664, stack(0x0000000017700000,0x0000000017800000)]
  0x0000000015e75000 JavaThread "C2 CompilerThread1" daemon [_thread_in_native, id=17136, stack(0x0000000017600000,0x0000000017700000)]
=>0x0000000015e6f800 JavaThread "C2 CompilerThread0" daemon [_thread_in_native, id=16192, stack(0x0000000017500000,0x0000000017600000)]
  0x0000000015e6e000 JavaThread "Attach Listener" daemon [_thread_blocked, id=7124, stack(0x0000000017400000,0x0000000017500000)]
  0x0000000015e6d000 JavaThread "Signal Dispatcher" daemon [_thread_blocked, id=14836, stack(0x0000000017300000,0x0000000017400000)]
  0x00000000024fc000 JavaThread "Finalizer" daemon [_thread_blocked, id=15920, stack(0x00000000170d0000,0x00000000171d0000)]
  0x0000000015e59000 JavaThread "Reference Handler" daemon [_thread_blocked, id=9388, stack(0x0000000016fd0000,0x00000000170d0000)]
  0x0000000002402800 JavaThread "main" [_thread_blocked, id=9592, stack(0x0000000002300000,0x0000000002400000)]

Other Threads:
  0x0000000015e36000 VMThread [stack: 0x0000000016ed0000,0x0000000016fd0000] [id=13784]
  0x0000000017835000 WatcherThread [stack: 0x0000000017d00000,0x0000000017e00000] [id=10088]

VM state:not at safepoint (normal execution)

VM Mutex/Monitor currently owned by a thread: None

heap address: 0x00000000a0000000, size: 1536 MB, Compressed Oops mode: 32-bit
Narrow klass base: 0x0000000000000000, Narrow klass shift: 3
Compressed class space size: 1073741824 Address: 0x0000000100000000

Heap:
 PSYoungGen      total 117248K, used 34533K [0x00000000e0000000, 0x00000000ea780000, 0x0000000100000000)
  eden space 105984K, 32% used [0x00000000e0000000,0x00000000e21b9738,0x00000000e6780000)
  from space 11264K, 0% used [0x00000000e6780000,0x00000000e6780000,0x00000000e7280000)
  to   space 12288K, 0% used [0x00000000e9b80000,0x00000000e9b80000,0x00000000ea780000)
 ParOldGen       total 59904K, used 17170K [0x00000000a0000000, 0x00000000a3a80000, 0x00000000e0000000)
  object space 59904K, 28% used [0x00000000a0000000,0x00000000a10c4b78,0x00000000a3a80000)
 Metaspace       used 38989K, capacity 39900K, committed 40192K, reserved 1083392K
  class space    used 5312K, capacity 5546K, committed 5632K, reserved 1048576K

Card table byte_map: [0x00000000118c0000,0x0000000011bd0000] byte_map_base: 0x00000000113c0000

Marking Bits: (ParMarkBitMap*) 0x00000000616b9f30
 Begin Bits: [0x00000000121d0000, 0x00000000139d0000)
 End Bits:   [0x00000000139d0000, 0x00000000151d0000)

Polling page: 0x00000000001f0000

CodeCache: size=245760Kb used=11091Kb max_used=11159Kb free=234668Kb
 bounds [0x0000000002500000, 0x0000000003000000, 0x0000000011500000]
 total_blobs=3880 nmethods=3148 adapters=645
 compilation: enabled

Compilation events (10 events):
Event: 6.307 Thread 0x0000000015e84800 3373       3       java.lang.Class::privateGetDeclaredFields (67 bytes)
Event: 6.308 Thread 0x0000000015e84800 nmethod 3373 0x000000000264a5d0 code [0x000000000264a7c0, 0x000000000264b0e8]
Event: 6.311 Thread 0x0000000015e84800 3374       1       sun.util.locale.BaseLocale::getRegion (5 bytes)
Event: 6.311 Thread 0x0000000015e84800 nmethod 3374 0x000000000269b910 code [0x000000000269ba60, 0x000000000269bb70]
Event: 6.311 Thread 0x0000000015e84800 3375       3       java.util.Locale::getLanguage (8 bytes)
Event: 6.311 Thread 0x0000000015e84800 nmethod 3375 0x000000000264a1d0 code [0x000000000264a320, 0x000000000264a510]
Event: 6.312 Thread 0x0000000015e84800 3376       3       java.util.Locale::hashCode (41 bytes)
Event: 6.312 Thread 0x0000000015e84800 nmethod 3376 0x00000000026a8ad0 code [0x00000000026a8c40, 0x00000000026a8fb8]
Event: 6.406 Thread 0x0000000015e84800 3378       3       com.google.common.collect.MapMakerInternalMap$StrongKeyWeakValueEntry::getValue (10 bytes)
Event: 6.407 Thread 0x0000000015e84800 nmethod 3378 0x00000000026a82d0 code [0x00000000026a8440, 0x00000000026a8668]

GC Heap History (10 events):
Event: 3.363 GC heap before
{Heap before GC invocations=7 (full 1):
 PSYoungGen      total 76800K, used 8753K [0x00000000e0000000, 0x00000000e5700000, 0x0000000100000000)
  eden space 66048K, 0% used [0x00000000e0000000,0x00000000e0000000,0x00000000e4080000)
  from space 10752K, 81% used [0x00000000e4b80000,0x00000000e540c5f8,0x00000000e5600000)
  to   space 11264K, 0% used [0x00000000e4080000,0x00000000e4080000,0x00000000e4b80000)
 ParOldGen       total 87552K, used 7627K [0x00000000a0000000, 0x00000000a5580000, 0x00000000e0000000)
  object space 87552K, 8% used [0x00000000a0000000,0x00000000a0772d50,0x00000000a5580000)
 Metaspace       used 20646K, capacity 21096K, committed 21296K, reserved 1067008K
  class space    used 2954K, capacity 3106K, committed 3200K, reserved 1048576K
Event: 3.406 GC heap after
Heap after GC invocations=7 (full 1):
 PSYoungGen      total 76800K, used 0K [0x00000000e0000000, 0x00000000e5700000, 0x0000000100000000)
  eden space 66048K, 0% used [0x00000000e0000000,0x00000000e0000000,0x00000000e4080000)
  from space 10752K, 0% used [0x00000000e4b80000,0x00000000e4b80000,0x00000000e5600000)
  to   space 11264K, 0% used [0x00000000e4080000,0x00000000e4080000,0x00000000e4b80000)
 ParOldGen       total 59904K, used 9469K [0x00000000a0000000, 0x00000000a3a80000, 0x00000000e0000000)
  object space 59904K, 15% used [0x00000000a0000000,0x00000000a093f460,0x00000000a3a80000)
 Metaspace       used 20646K, capacity 21096K, committed 21296K, reserved 1067008K
  class space    used 2954K, capacity 3106K, committed 3200K, reserved 1048576K
}
Event: 4.446 GC heap before
{Heap before GC invocations=8 (full 1):
 PSYoungGen      total 76800K, used 66048K [0x00000000e0000000, 0x00000000e5700000, 0x0000000100000000)
  eden space 66048K, 100% used [0x00000000e0000000,0x00000000e4080000,0x00000000e4080000)
  from space 10752K, 0% used [0x00000000e4b80000,0x00000000e4b80000,0x00000000e5600000)
  to   space 11264K, 0% used [0x00000000e4080000,0x00000000e4080000,0x00000000e4b80000)
 ParOldGen       total 59904K, used 9469K [0x00000000a0000000, 0x00000000a3a80000, 0x00000000e0000000)
  object space 59904K, 15% used [0x00000000a0000000,0x00000000a093f480,0x00000000a3a80000)
 Metaspace       used 28754K, capacity 29226K, committed 29440K, reserved 1075200K
  class space    used 3871K, capacity 4016K, committed 4096K, reserved 1048576K
Event: 4.460 GC heap after
Heap after GC invocations=8 (full 1):
 PSYoungGen      total 77312K, used 7863K [0x00000000e0000000, 0x00000000e7d80000, 0x0000000100000000)
  eden space 66048K, 0% used [0x00000000e0000000,0x00000000e0000000,0x00000000e4080000)
  from space 11264K, 69% used [0x00000000e4080000,0x00000000e482de78,0x00000000e4b80000)
  to   space 11264K, 0% used [0x00000000e7280000,0x00000000e7280000,0x00000000e7d80000)
 ParOldGen       total 59904K, used 9477K [0x00000000a0000000, 0x00000000a3a80000, 0x00000000e0000000)
  object space 59904K, 15% used [0x00000000a0000000,0x00000000a0941480,0x00000000a3a80000)
 Metaspace       used 28754K, capacity 29226K, committed 29440K, reserved 1075200K
  class space    used 3871K, capacity 4016K, committed 4096K, reserved 1048576K
}
Event: 5.038 GC heap before
{Heap before GC invocations=9 (full 1):
 PSYoungGen      total 77312K, used 73911K [0x00000000e0000000, 0x00000000e7d80000, 0x0000000100000000)
  eden space 66048K, 100% used [0x00000000e0000000,0x00000000e4080000,0x00000000e4080000)
  from space 11264K, 69% used [0x00000000e4080000,0x00000000e482de78,0x00000000e4b80000)
  to   space 11264K, 0% used [0x00000000e7280000,0x00000000e7280000,0x00000000e7d80000)
 ParOldGen       total 59904K, used 9488K [0x00000000a0000000, 0x00000000a3a80000, 0x00000000e0000000)
  object space 59904K, 15% used [0x00000000a0000000,0x00000000a0944060,0x00000000a3a80000)
 Metaspace       used 31820K, capacity 32290K, committed 32512K, reserved 1077248K
  class space    used 4366K, capacity 4504K, committed 4608K, reserved 1048576K
Event: 5.053 GC heap after
Heap after GC invocations=9 (full 1):
 PSYoungGen      total 117248K, used 8264K [0x00000000e0000000, 0x00000000e7f00000, 0x0000000100000000)
  eden space 105984K, 0% used [0x00000000e0000000,0x00000000e0000000,0x00000000e6780000)
  from space 11264K, 73% used [0x00000000e7280000,0x00000000e7a923f0,0x00000000e7d80000)
  to   space 11264K, 0% used [0x00000000e6780000,0x00000000e6780000,0x00000000e7280000)
 ParOldGen       total 59904K, used 9496K [0x00000000a0000000, 0x00000000a3a80000, 0x00000000e0000000)
  object space 59904K, 15% used [0x00000000a0000000,0x00000000a0946060,0x00000000a3a80000)
 Metaspace       used 31820K, capacity 32290K, committed 32512K, reserved 1077248K
  class space    used 4366K, capacity 4504K, committed 4608K, reserved 1048576K
}
Event: 5.833 GC heap before
{Heap before GC invocations=10 (full 1):
 PSYoungGen      total 117248K, used 65158K [0x00000000e0000000, 0x00000000e7f00000, 0x0000000100000000)
  eden space 105984K, 53% used [0x00000000e0000000,0x00000000e378f800,0x00000000e6780000)
  from space 11264K, 73% used [0x00000000e7280000,0x00000000e7a923f0,0x00000000e7d80000)
  to   space 11264K, 0% used [0x00000000e6780000,0x00000000e6780000,0x00000000e7280000)
 ParOldGen       total 59904K, used 9496K [0x00000000a0000000, 0x00000000a3a80000, 0x00000000e0000000)
  object space 59904K, 15% used [0x00000000a0000000,0x00000000a0946060,0x00000000a3a80000)
 Metaspace       used 34604K, capacity 35396K, committed 35456K, reserved 1079296K
  class space    used 4757K, capacity 4945K, committed 4992K, reserved 1048576K
Event: 5.854 GC heap after
Heap after GC invocations=10 (full 1):
 PSYoungGen      total 117248K, used 10340K [0x00000000e0000000, 0x00000000ea780000, 0x0000000100000000)
  eden space 105984K, 0% used [0x00000000e0000000,0x00000000e0000000,0x00000000e6780000)
  from space 11264K, 91% used [0x00000000e6780000,0x00000000e7199048,0x00000000e7280000)
  to   space 12288K, 0% used [0x00000000e9b80000,0x00000000e9b80000,0x00000000ea780000)
 ParOldGen       total 59904K, used 9504K [0x00000000a0000000, 0x00000000a3a80000, 0x00000000e0000000)
  object space 59904K, 15% used [0x00000000a0000000,0x00000000a0948060,0x00000000a3a80000)
 Metaspace       used 34604K, capacity 35396K, committed 35456K, reserved 1079296K
  class space    used 4757K, capacity 4945K, committed 4992K, reserved 1048576K
}
Event: 5.854 GC heap before
{Heap before GC invocations=11 (full 2):
 PSYoungGen      total 117248K, used 10340K [0x00000000e0000000, 0x00000000ea780000, 0x0000000100000000)
  eden space 105984K, 0% used [0x00000000e0000000,0x00000000e0000000,0x00000000e6780000)
  from space 11264K, 91% used [0x00000000e6780000,0x00000000e7199048,0x00000000e7280000)
  to   space 12288K, 0% used [0x00000000e9b80000,0x00000000e9b80000,0x00000000ea780000)
 ParOldGen       total 59904K, used 9504K [0x00000000a0000000, 0x00000000a3a80000, 0x00000000e0000000)
  object space 59904K, 15% used [0x00000000a0000000,0x00000000a0948060,0x00000000a3a80000)
 Metaspace       used 34604K, capacity 35396K, committed 35456K, reserved 1079296K
  class space    used 4757K, capacity 4945K, committed 4992K, reserved 1048576K
Event: 5.935 GC heap after
Heap after GC invocations=11 (full 2):
 PSYoungGen      total 117248K, used 0K [0x00000000e0000000, 0x00000000ea780000, 0x0000000100000000)
  eden space 105984K, 0% used [0x00000000e0000000,0x00000000e0000000,0x00000000e6780000)
  from space 11264K, 0% used [0x00000000e6780000,0x00000000e6780000,0x00000000e7280000)
  to   space 12288K, 0% used [0x00000000e9b80000,0x00000000e9b80000,0x00000000ea780000)
 ParOldGen       total 59904K, used 17170K [0x00000000a0000000, 0x00000000a3a80000, 0x00000000e0000000)
  object space 59904K, 28% used [0x00000000a0000000,0x00000000a10c4b78,0x00000000a3a80000)
 Metaspace       used 34604K, capacity 35396K, committed 35456K, reserved 1079296K
  class space    used 4757K, capacity 4945K, committed 4992K, reserved 1048576K
}

Deoptimization events (10 events):
Event: 5.809 Thread 0x00000000197dc800 Uncommon trap: reason=range_check action=make_not_entrant pc=0x0000000002e84908 method=java.lang.String.charAt(I)C @ 27
Event: 5.998 Thread 0x00000000197dc800 Uncommon trap: reason=bimorphic action=maybe_recompile pc=0x0000000002d6f074 method=java.lang.ClassLoader.getPackage(Ljava/lang/String;)Ljava/lang/Package; @ 47
Event: 6.018 Thread 0x00000000197dc800 Uncommon trap: reason=bimorphic action=maybe_recompile pc=0x0000000002d6f074 method=java.lang.ClassLoader.getPackage(Ljava/lang/String;)Ljava/lang/Package; @ 47
Event: 6.020 Thread 0x00000000197dc800 Uncommon trap: reason=bimorphic action=maybe_recompile pc=0x0000000002d6f074 method=java.lang.ClassLoader.getPackage(Ljava/lang/String;)Ljava/lang/Package; @ 47
Event: 6.024 Thread 0x00000000197dc800 Uncommon trap: reason=bimorphic action=maybe_recompile pc=0x0000000002d6f074 method=java.lang.ClassLoader.getPackage(Ljava/lang/String;)Ljava/lang/Package; @ 47
Event: 6.045 Thread 0x00000000197dc800 Uncommon trap: reason=bimorphic action=maybe_recompile pc=0x0000000002d8e8cc method=java.lang.ClassLoader.getPackage(Ljava/lang/String;)Ljava/lang/Package; @ 47
Event: 6.129 Thread 0x00000000197dc800 Uncommon trap: reason=unstable_if action=reinterpret pc=0x0000000002f82cf8 method=java.io.BufferedInputStream.read([BII)I @ 56
Event: 6.131 Thread 0x00000000197dc800 Uncommon trap: reason=unstable_if action=reinterpret pc=0x0000000002795c50 method=java.util.regex.Pattern.has(I)Z @ 6
Event: 6.171 Thread 0x00000000197dc800 Uncommon trap: reason=predicate action=maybe_recompile pc=0x0000000002fed750 method=java.util.Arrays.binarySearch0([Ljava/lang/Object;IILjava/lang/Object;Ljava/util/Comparator;)I @ 28
Event: 6.212 Thread 0x00000000197dc800 Uncommon trap: reason=unstable_if action=reinterpret pc=0x0000000002fb0afc method=java.security.CodeSource.hashCode()I @ 4

Classes redefined (0 events):
No events

Internal exceptions (10 events):
Event: 5.954 Thread 0x00000000197dc800 Exception <a 'java/lang/ClassNotFoundException': org/gradle/api/internal/AbstractTaskCustomizer> (0x00000000e029b240) thrown at [D:\src\AOSP-openjdk-cygwin\jdk8u\hotspot\src\share\vm\classfile\systemDictionary.cpp, line 210]
Event: 5.958 Thread 0x00000000197dc800 Exception <a 'java/lang/ClassNotFoundException': org/gradle/api/DefaultTaskCustomizer> (0x00000000e0328880) thrown at [D:\src\AOSP-openjdk-cygwin\jdk8u\hotspot\src\share\vm\classfile\systemDictionary.cpp, line 210]
Event: 5.959 Thread 0x00000000197dc800 Exception <a 'java/lang/ClassNotFoundException': org/gradle/api/internal/ConventionTaskCustomizer> (0x00000000e036aec0) thrown at [D:\src\AOSP-openjdk-cygwin\jdk8u\hotspot\src\share\vm\classfile\systemDictionary.cpp, line 210]
Event: 5.960 Thread 0x00000000197dc800 Exception <a 'java/lang/ClassNotFoundException': org/gradle/api/tasks/DeleteCustomizer> (0x00000000e03aa068) thrown at [D:\src\AOSP-openjdk-cygwin\jdk8u\hotspot\src\share\vm\classfile\systemDictionary.cpp, line 210]
Event: 5.964 Thread 0x00000000197dc800 Exception <a 'java/lang/ClassNotFoundException': org/gradle/api/tasks/Delete_DecoratedCustomizer> (0x00000000e03f6df0) thrown at [D:\src\AOSP-openjdk-cygwin\jdk8u\hotspot\src\share\vm\classfile\systemDictionary.cpp, line 210]
Event: 5.988 Thread 0x00000000197dc800 Exception <a 'java/lang/ClassNotFoundException': build_27hwddkh8o8ltlmiudi6629uyBeanInfo> (0x00000000e05210b8) thrown at [D:\src\AOSP-openjdk-cygwin\jdk8u\hotspot\src\share\vm\classfile\systemDictionary.cpp, line 210]
Event: 5.988 Thread 0x00000000197dc800 Exception <a 'java/lang/ClassNotFoundException': build_27hwddkh8o8ltlmiudi6629uyCustomizer> (0x00000000e052daf0) thrown at [D:\src\AOSP-openjdk-cygwin\jdk8u\hotspot\src\share\vm\classfile\systemDictionary.cpp, line 210]
Event: 5.994 Thread 0x00000000197dc800 Exception <a 'java/lang/ClassNotFoundException': org/gradle/api/internal/plugins/DefaultObjectConfigurationActionBeanInfo> (0x00000000e05a40a8) thrown at [D:\src\AOSP-openjdk-cygwin\jdk8u\hotspot\src\share\vm\classfile\systemDictionary.cpp, line 210]
Event: 5.995 Thread 0x00000000197dc800 Exception <a 'java/lang/ClassNotFoundException': org/gradle/api/internal/plugins/DefaultObjectConfigurationActionCustomizer> (0x00000000e05e6f08) thrown at [D:\src\AOSP-openjdk-cygwin\jdk8u\hotspot\src\share\vm\classfile\systemDictionary.cpp, line 210]
Event: 6.212 Thread 0x00000000197dc800 Implicit null exception at 0x0000000002faa3c2 to 0x0000000002fb0aa5

Events (10 events):
Event: 6.409 loading class sun/security/provider/SHA2$SHA256
Event: 6.409 loading class sun/security/provider/SHA2
Event: 6.409 loading class sun/security/provider/SHA2 done
Event: 6.410 loading class sun/security/provider/SHA2$SHA256 done
Event: 6.410 loading class com/google/common/hash/MessageDigestHashFunction$MessageDigestHasher
Event: 6.410 loading class com/google/common/hash/MessageDigestHashFunction$MessageDigestHasher done
Event: 6.410 loading class com/google/common/hash/AbstractByteHasher
Event: 6.410 loading class com/google/common/hash/AbstractByteHasher done
Event: 6.410 loading class com/google/common/hash/AbstractHasher
Event: 6.410 loading class com/google/common/hash/AbstractHasher done


Dynamic libraries:
0x00007ff7dfd00000 - 0x00007ff7dfd31000 	C:\Program Files\Android\Android Studio\jre\bin\java.exe
0x00007fff908c0000 - 0x00007fff90ab0000 	C:\WINDOWS\SYSTEM32\ntdll.dll
0x00007fff90250000 - 0x00007fff90302000 	C:\WINDOWS\System32\KERNEL32.DLL
0x00007fff8db20000 - 0x00007fff8ddc3000 	C:\WINDOWS\System32\KERNELBASE.dll
0x00007fff8fad0000 - 0x00007fff8fb73000 	C:\WINDOWS\System32\ADVAPI32.dll
0x00007fff90400000 - 0x00007fff9049e000 	C:\WINDOWS\System32\msvcrt.dll
0x00007fff8fca0000 - 0x00007fff8fd37000 	C:\WINDOWS\System32\sechost.dll
0x00007fff8fb80000 - 0x00007fff8fca0000 	C:\WINDOWS\System32\RPCRT4.dll
0x00007fff904a0000 - 0x00007fff90634000 	C:\WINDOWS\System32\USER32.dll
0x00007fff8e790000 - 0x00007fff8e7b1000 	C:\WINDOWS\System32\win32u.dll
0x00007fff8e9d0000 - 0x00007fff8e9f6000 	C:\WINDOWS\System32\GDI32.dll
0x00007fff8e550000 - 0x00007fff8e6e4000 	C:\WINDOWS\System32\gdi32full.dll
0x00007fff8e6f0000 - 0x00007fff8e78e000 	C:\WINDOWS\System32\msvcp_win.dll
0x00007fff8da20000 - 0x00007fff8db1a000 	C:\WINDOWS\System32\ucrtbase.dll
0x00007fff7e8a0000 - 0x00007fff7eb25000 	C:\WINDOWS\WinSxS\amd64_microsoft.windows.common-controls_6595b64144ccf1df_6.0.18362.778_none_e6c6b761130d4fb8\COMCTL32.dll
0x00007fff8fdb0000 - 0x00007fff900e6000 	C:\WINDOWS\System32\combase.dll
0x00007fff8d950000 - 0x00007fff8d9d0000 	C:\WINDOWS\System32\bcryptPrimitives.dll
0x00007fff8f570000 - 0x00007fff8f59e000 	C:\WINDOWS\System32\IMM32.DLL
0x0000000060e10000 - 0x0000000060ee2000 	C:\Program Files\Android\Android Studio\jre\jre\bin\msvcr100.dll
0x0000000060ef0000 - 0x0000000061736000 	C:\Program Files\Android\Android Studio\jre\jre\bin\server\jvm.dll
0x00007fff907f0000 - 0x00007fff907f8000 	C:\WINDOWS\System32\PSAPI.DLL
0x00007fff790e0000 - 0x00007fff790e9000 	C:\WINDOWS\SYSTEM32\WSOCK32.dll
0x00007fff898b0000 - 0x00007fff898d4000 	C:\WINDOWS\SYSTEM32\WINMM.dll
0x00007fff8fd40000 - 0x00007fff8fdaf000 	C:\WINDOWS\System32\WS2_32.dll
0x00007fff88da0000 - 0x00007fff88daa000 	C:\WINDOWS\SYSTEM32\VERSION.dll
0x00007fff89880000 - 0x00007fff898ad000 	C:\WINDOWS\SYSTEM32\WINMMBASE.dll
0x00007fff8d9d0000 - 0x00007fff8da1a000 	C:\WINDOWS\System32\cfgmgr32.dll
0x00007fff89610000 - 0x00007fff8961f000 	C:\Program Files\Android\Android Studio\jre\jre\bin\verify.dll
0x00007fff81ea0000 - 0x00007fff81ec9000 	C:\Program Files\Android\Android Studio\jre\jre\bin\java.dll
0x00007fff7f2a0000 - 0x00007fff7f2b6000 	C:\Program Files\Android\Android Studio\jre\jre\bin\zip.dll
0x00007fff8ea00000 - 0x00007fff8f0e5000 	C:\WINDOWS\System32\SHELL32.dll
0x00007fff8f150000 - 0x00007fff8f1f9000 	C:\WINDOWS\System32\shcore.dll
0x00007fff8ddd0000 - 0x00007fff8e550000 	C:\WINDOWS\System32\windows.storage.dll
0x00007fff8d820000 - 0x00007fff8d843000 	C:\WINDOWS\System32\profapi.dll
0x00007fff8d790000 - 0x00007fff8d7da000 	C:\WINDOWS\System32\powrprof.dll
0x00007fff8d780000 - 0x00007fff8d790000 	C:\WINDOWS\System32\UMPDC.dll
0x00007fff8e970000 - 0x00007fff8e9c2000 	C:\WINDOWS\System32\shlwapi.dll
0x00007fff8d800000 - 0x00007fff8d811000 	C:\WINDOWS\System32\kernel.appcore.dll
0x00007fff8d850000 - 0x00007fff8d867000 	C:\WINDOWS\System32\cryptsp.dll
0x00007fff7f220000 - 0x00007fff7f23a000 	C:\Program Files\Android\Android Studio\jre\jre\bin\net.dll
0x00007fff811c0000 - 0x00007fff81395000 	C:\WINDOWS\SYSTEM32\urlmon.dll
0x00007fff816d0000 - 0x00007fff81976000 	C:\WINDOWS\SYSTEM32\iertutil.dll
0x00007fff8d1c0000 - 0x00007fff8d1cc000 	C:\WINDOWS\SYSTEM32\CRYPTBASE.DLL
0x00007fff8cff0000 - 0x00007fff8d057000 	C:\WINDOWS\system32\mswsock.dll
0x00007fff7d7e0000 - 0x00007fff7d7f3000 	C:\Program Files\Android\Android Studio\jre\jre\bin\nio.dll
0x00007fff6be20000 - 0x00007fff6be46000 	C:\Users\Caroline\.gradle\native\30\windows-amd64\native-platform.dll
0x00007fff885e0000 - 0x00007fff885ed000 	C:\Program Files\Android\Android Studio\jre\jre\bin\management.dll
0x00007fff8cb60000 - 0x00007fff8cb93000 	C:\WINDOWS\system32\rsaenh.dll
0x00007fff8d920000 - 0x00007fff8d946000 	C:\WINDOWS\System32\bcrypt.dll
0x00007fff8d6a0000 - 0x00007fff8d6c5000 	C:\WINDOWS\SYSTEM32\USERENV.dll
0x00007fff8cd00000 - 0x00007fff8cd3a000 	C:\WINDOWS\SYSTEM32\IPHLPAPI.DLL
0x00007fff8f5a0000 - 0x00007fff8f5a8000 	C:\WINDOWS\System32\NSI.dll
0x00007fff80830000 - 0x00007fff80846000 	C:\WINDOWS\SYSTEM32\dhcpcsvc6.DLL
0x00007fff80900000 - 0x00007fff8091c000 	C:\WINDOWS\SYSTEM32\dhcpcsvc.DLL
0x00007fff8cd40000 - 0x00007fff8ce0a000 	C:\WINDOWS\SYSTEM32\DNSAPI.dll

VM Arguments:
jvm_args: -Xmx1536m -Dfile.encoding=windows-1252 -Duser.country=FR -Duser.language=fr -Duser.variant 
java_command: org.gradle.launcher.daemon.bootstrap.GradleDaemon 5.6.4
java_class_path (initial): C:\Users\Caroline\.gradle\wrapper\dists\gradle-5.6.4-all\ankdp27end7byghfw1q2sw75f\gradle-5.6.4\lib\gradle-launcher-5.6.4.jar
Launcher Type: SUN_STANDARD

Environment Variables:
PATH=C:\ProgramData\Oracle\Java\javapath;C:\Program Files (x86)\Intel\iCLS Client\;C:\Program Files\Intel\iCLS Client\;C:\Windows\system32;C:\Windows;C:\Windows\System32\Wbem;C:\Windows\System32\WindowsPowerShell\v1.0\;C:\Program Files\Intel\Intel(R) Management Engine Components\DAL;C:\Program Files\Intel\Intel(R) Management Engine Components\IPT;C:\Program Files (x86)\Intel\Intel(R) Management Engine Components\DAL;C:\Program Files (x86)\Intel\Intel(R) Management Engine Components\IPT;C:\Program Files (x86)\CodeBlocks\MinGW\bin;C:\Program Files (x86)\IVI Foundation\IVI\bin;C:\Program Files\IVI Foundation\IVI\bin;C:\Program Files (x86)\IVI Foundation\VISA\WinNT\Bin\;C:\Program Files\IVI Foundation\VISA\Win64\Bin\;C:\Program Files (x86)\IVI Foundation\VISA\WinNT\Bin;C:\Program Files (x86)\NVIDIA Corporation\PhysX\Common;C:\Program Files\Intel\WiFi\bin\;C:\Program Files\Common Files\Intel\WirelessCommon\;C:\WINDOWS\system32;C:\WINDOWS;C:\WINDOWS\System32\Wbem;C:\WINDOWS\System32\WindowsPowerShell\v1.0\;C:\WINDOWS\System32\OpenSSH\;C:\Program Files\MATLAB\R2019a\runtime\win64;C:\Program Files\MATLAB\R2019a\bin;C:\Program Files\NVIDIA Corporation\NVIDIA NvDLISR;C:\Program Files\Git\cmd;C:\Users\Caroline\AppData\Roaming\Quest Software\vWorkspace Client\;C:\Users\Caroline\AppData\Roaming\Dashlane\4.6.5.21982\bin\Firefox_Extension\{442718d9-475e-452a-b3e1-fb1ee16b8e9f}\components;C:\Users\Caroline\AppData\Roaming\Dashlane\4.6.6.23032\bin\Firefox_Extension\{442718d9-475e-452a-b3e1-fb1ee16b8e9f}\components;C:\Users\Caroline\AppData\Local\Microsoft\WindowsApps;C:\Users\Caroline\AppData\Roaming\Dashlane\6.1907.0.17833\bin\Firefox_Extension\{442718d9-475e-452a-b3e1-fb1ee16b8e9f}\components;C:\Users\Caroline\AppData\Roaming\Dashlane\6.1907.0.17833\ucrt;C:\Users\Caroline\AppData\Roaming\Dashlane\6.1907.0.17833\bin\Qt;C:\Users\Caroline\AppData\Roaming\Dashlane\6.1907.0.17833\bin\Ssl
USERNAME=Caroline
OS=Windows_NT
PROCESSOR_IDENTIFIER=Intel64 Family 6 Model 69 Stepping 1, GenuineIntel



---------------  S Y S T E M  ---------------

OS: Windows 10.0 , 64 bit Build 18362 (10.0.18362.778)

CPU:total 4 (initial active 4) (2 cores per cpu, 2 threads per core) family 6 model 69 stepping 1, cmov, cx8, fxsr, mmx, sse, sse2, sse3, ssse3, sse4.1, sse4.2, popcnt, avx, avx2, aes, clmul, erms, lzcnt, ht, tsc, tscinvbit, bmi1, bmi2

Memory: 4k page, physical 8274856k(974784k free), swap 10226600k(5364k free)

vm_info: OpenJDK 64-Bit Server VM (25.212-b04) for windows-amd64 JRE (1.8.0_212-release-1586-b04), built by "builder" with MS VC++ 10.0 (VS2010)

time: Fri Apr 24 11:49:56 2020
timezone: Paris, Madrid (heure d’été)
elapsed time: 6 seconds (0d 0h 0m 6s)

