#
# There is insufficient memory for the Java Runtime Environment to continue.
# Native memory allocation (malloc) failed to allocate 1065136 bytes for Chunk::new
# Possible reasons:
#   The system is out of physical RAM or swap space
#   The process is running with CompressedOops enabled, and the Java Heap may be blocking the growth of the native heap
# Possible solutions:
#   Reduce memory load on the system
#   Increase physical memory or swap space
#   Check if swap backing store is full
#   Decrease Java heap size (-Xmx/-Xms)
#   Decrease number of Java threads
#   Decrease Java thread stack sizes (-Xss)
#   Set larger code cache with -XX:ReservedCodeCacheSize=
#   JVM is running with Unscaled Compressed Oops mode in which the Java heap is
#     placed in the first 4GB address space. The Java Heap base address is the
#     maximum limit for the native heap growth. Please use -XX:HeapBaseMinAddress
#     to set the Java Heap base and to place the Java Heap above 4GB virtual address.
# This output file may be truncated or incomplete.
#
#  Out of Memory Error (allocation.cpp:389), pid=8852, tid=0x0000000000002f98
#
# JRE version: OpenJDK Runtime Environment (8.0_212-b04) (build 1.8.0_212-release-1586-b04)
# Java VM: OpenJDK 64-Bit Server VM (25.212-b04 mixed mode windows-amd64 compressed oops)
# Failed to write core dump. Minidumps are not enabled by default on client versions of Windows
#

---------------  T H R E A D  ---------------

Current thread (0x000000001622e800):  JavaThread "C2 CompilerThread0" daemon [_thread_in_native, id=12184, stack(0x00000000178c0000,0x00000000179c0000)]

Stack: [0x00000000178c0000,0x00000000179c0000]
[error occurred during error reporting (printing stack bounds), id 0xc0000005]

Native frames: (J=compiled Java code, j=interpreted, Vv=VM code, C=native code)


Current CompileTask:
C2:   8426 3735       4       org.objectweb.asm.SymbolTable::addConstantMemberReference (147 bytes)


---------------  P R O C E S S  ---------------

Java Threads: ( => current thread )
  0x000000001cae7800 JavaThread "Cache worker for Build Output Cleanup Cache (C:\Users\Caroline\Desktop\ethz\3D_vision\fixing-ar\fixing-ar\.gradle\buildOutputCleanup)" [_thread_blocked, id=12736, stack(0x00000000222a0000,0x00000000223a0000)]
  0x000000001cae5800 JavaThread "Build operations Thread 4" [_thread_blocked, id=10788, stack(0x0000000021ac0000,0x0000000021bc0000)]
  0x000000001cae6000 JavaThread "Build operations Thread 3" [_thread_blocked, id=17072, stack(0x00000000219c0000,0x0000000021ac0000)]
  0x000000001cae7000 JavaThread "Build operations Thread 2" [_thread_blocked, id=17244, stack(0x00000000218c0000,0x00000000219c0000)]
  0x000000001caeb800 JavaThread "Build operations" [_thread_blocked, id=14876, stack(0x00000000217c0000,0x00000000218c0000)]
  0x0000000019637800 JavaThread "Cache worker for execution history cache (C:\Users\Caroline\.gradle\caches\5.6.4\executionHistory)" [_thread_blocked, id=14244, stack(0x0000000021210000,0x0000000021310000)]
  0x000000001963a800 JavaThread "Cache worker for cache directory md-rule (C:\Users\Caroline\.gradle\caches\5.6.4\md-rule)" [_thread_blocked, id=8028, stack(0x000000001ece0000,0x000000001ede0000)]
  0x0000000019639000 JavaThread "Cache worker for cache directory md-supplier (C:\Users\Caroline\.gradle\caches\5.6.4\md-supplier)" [_thread_blocked, id=11404, stack(0x000000001e730000,0x000000001e830000)]
  0x000000001963c000 JavaThread "Cache worker for file hash cache (C:\Users\Caroline\Desktop\ethz\3D_vision\fixing-ar\fixing-ar\.gradle\5.6.4\fileHashes)" [_thread_blocked, id=17240, stack(0x000000001e430000,0x000000001e530000)]
  0x000000001963b000 JavaThread "Cache worker for journal cache (C:\Users\Caroline\.gradle\caches\journal-1)" [_thread_blocked, id=9432, stack(0x000000001c010000,0x000000001c110000)]
  0x0000000019638000 JavaThread "File lock request listener" [_thread_in_native, id=12980, stack(0x000000001bf10000,0x000000001c010000)]
  0x0000000018249800 JavaThread "Cache worker for file hash cache (C:\Users\Caroline\.gradle\caches\5.6.4\fileHashes)" [_thread_blocked, id=15620, stack(0x000000001be10000,0x000000001bf10000)]
  0x0000000019aa6800 JavaThread "Thread-9" [_thread_blocked, id=13988, stack(0x000000001bb10000,0x000000001bc10000)]
  0x0000000019a9f800 JavaThread "Stdin handler" [_thread_blocked, id=8928, stack(0x000000001ba10000,0x000000001bb10000)]
  0x0000000019a9b000 JavaThread "Asynchronous log dispatcher for DefaultDaemonConnection: socket connection from /127.0.0.1:54011 to /127.0.0.1:54012" [_thread_blocked, id=3112, stack(0x000000001b910000,0x000000001ba10000)]
  0x0000000019a88000 JavaThread "Daemon worker" [_thread_in_native, id=7700, stack(0x000000001b810000,0x000000001b910000)]
  0x0000000019b49000 JavaThread "Cancel handler" [_thread_blocked, id=2976, stack(0x000000001b710000,0x000000001b810000)]
  0x0000000019b34800 JavaThread "Handler for socket connection from /127.0.0.1:54011 to /127.0.0.1:54012" [_thread_in_native, id=15272, stack(0x000000001b410000,0x000000001b510000)]
  0x0000000019b2d800 JavaThread "Daemon" [_thread_blocked, id=17364, stack(0x000000001b310000,0x000000001b410000)]
  0x0000000019a65000 JavaThread "Daemon periodic checks" [_thread_blocked, id=14860, stack(0x000000001b210000,0x000000001b310000)]
  0x0000000019ace800 JavaThread "Incoming local TCP Connector on port 54011" [_thread_in_native, id=16848, stack(0x000000001afa0000,0x000000001b0a0000)]
  0x0000000017c92000 JavaThread "Daemon health stats" [_thread_blocked, id=1504, stack(0x000000001a960000,0x000000001aa60000)]
  0x000000001628d000 JavaThread "Service Thread" daemon [_thread_blocked, id=8432, stack(0x0000000017fc0000,0x00000000180c0000)]
  0x0000000016270000 JavaThread "C1 CompilerThread2" daemon [_thread_blocked, id=17120, stack(0x0000000017ac0000,0x0000000017bc0000)]
  0x0000000016233000 JavaThread "C2 CompilerThread1" daemon [_thread_blocked, id=6844, stack(0x00000000179c0000,0x0000000017ac0000)]
=>0x000000001622e800 JavaThread "C2 CompilerThread0" daemon [_thread_in_native, id=12184, stack(0x00000000178c0000,0x00000000179c0000)]
  0x000000001622d000 JavaThread "Attach Listener" daemon [_thread_blocked, id=1268, stack(0x00000000177c0000,0x00000000178c0000)]
  0x000000001622c000 JavaThread "Signal Dispatcher" daemon [_thread_blocked, id=11576, stack(0x00000000176c0000,0x00000000177c0000)]
  0x00000000028bc000 JavaThread "Finalizer" daemon [_thread_blocked, id=7328, stack(0x0000000017490000,0x0000000017590000)]
  0x0000000016219000 JavaThread "Reference Handler" daemon [_thread_blocked, id=16960, stack(0x0000000017390000,0x0000000017490000)]
  0x00000000027c2800 JavaThread "main" [_thread_blocked, id=1016, stack(0x0000000002690000,0x0000000002790000)]

Other Threads:
  0x00000000161f6000 VMThread [stack: 0x0000000017290000,0x0000000017390000] [id=11812]
  0x000000001628e000 WatcherThread [stack: 0x00000000180c0000,0x00000000181c0000] [id=7584]

VM state:not at safepoint (normal execution)

VM Mutex/Monitor currently owned by a thread: None

heap address: 0x00000000a0000000, size: 1536 MB, Compressed Oops mode: 32-bit
Narrow klass base: 0x0000000000000000, Narrow klass shift: 3
Compressed class space size: 1073741824 Address: 0x0000000100000000

Heap:
 PSYoungGen      total 184832K, used 92170K [0x00000000e0000000, 0x00000000ef400000, 0x0000000100000000)
  eden space 171008K, 53% used [0x00000000e0000000,0x00000000e5a02b00,0x00000000ea700000)
  from space 13824K, 0% used [0x00000000eb480000,0x00000000eb480000,0x00000000ec200000)
  to   space 13824K, 0% used [0x00000000ea700000,0x00000000ea700000,0x00000000eb480000)
 ParOldGen       total 64000K, used 15279K [0x00000000a0000000, 0x00000000a3e80000, 0x00000000e0000000)
  object space 64000K, 23% used [0x00000000a0000000,0x00000000a0eebee8,0x00000000a3e80000)
 Metaspace       used 43771K, capacity 44854K, committed 45184K, reserved 1087488K
  class space    used 5915K, capacity 6197K, committed 6272K, reserved 1048576K

Card table byte_map: [0x0000000011c80000,0x0000000011f90000] byte_map_base: 0x0000000011780000

Marking Bits: (ParMarkBitMap*) 0x00000000616b9f30
 Begin Bits: [0x0000000012590000, 0x0000000013d90000)
 End Bits:   [0x0000000013d90000, 0x0000000015590000)

Polling page: 0x0000000000e20000

CodeCache: size=245760Kb used=12537Kb max_used=12548Kb free=233222Kb
 bounds [0x00000000028c0000, 0x0000000003510000, 0x00000000118c0000]
 total_blobs=4315 nmethods=3568 adapters=660
 compilation: enabled

Compilation events (10 events):
Event: 8.398 Thread 0x0000000016233000 nmethod 3757 0x0000000003504150 code [0x0000000003504460, 0x0000000003506158]
Event: 8.398 Thread 0x0000000016233000 3768       4       sun.reflect.ClassFileAssembler::emitConstantPoolUTF8 (50 bytes)
Event: 8.410 Thread 0x0000000016233000 nmethod 3768 0x00000000035095d0 code [0x00000000035097a0, 0x000000000350a1f0]
Event: 8.410 Thread 0x0000000016233000 3767   !   4       sun.reflect.UTF8::encode (191 bytes)
Event: 8.414 Thread 0x0000000016270000 3788       1       com.google.common.collect.MapMakerInternalMap$1::clear (1 bytes)
Event: 8.414 Thread 0x0000000016270000 nmethod 3788 0x0000000003503e90 code [0x0000000003503fe0, 0x00000000035040f0]
Event: 8.420 Thread 0x0000000016233000 nmethod 3767 0x0000000003500310 code [0x0000000003500460, 0x00000000035009b8]
Event: 8.420 Thread 0x0000000016233000 3769       4       sun.reflect.UTF8::utf8Length (81 bytes)
Event: 8.423 Thread 0x0000000016233000 nmethod 3769 0x00000000034ffe10 code [0x00000000034fff60, 0x0000000003500178]
Event: 8.423 Thread 0x0000000016233000 3750       4       java.util.HashMap::<init> (98 bytes)

GC Heap History (10 events):
Event: 4.177 GC heap before
{Heap before GC invocations=6 (full 1):
 PSYoungGen      total 71680K, used 5104K [0x00000000e0000000, 0x00000000e9c00000, 0x0000000100000000)
  eden space 66560K, 0% used [0x00000000e0000000,0x00000000e0000000,0x00000000e4100000)
  from space 5120K, 99% used [0x00000000e4100000,0x00000000e45fc040,0x00000000e4600000)
  to   space 13312K, 0% used [0x00000000e8f00000,0x00000000e8f00000,0x00000000e9c00000)
 ParOldGen       total 87552K, used 11346K [0x00000000a0000000, 0x00000000a5580000, 0x00000000e0000000)
  object space 87552K, 12% used [0x00000000a0000000,0x00000000a0b14800,0x00000000a5580000)
 Metaspace       used 20640K, capacity 21092K, committed 21296K, reserved 1067008K
  class space    used 2953K, capacity 3106K, committed 3200K, reserved 1048576K
Event: 4.223 GC heap after
Heap after GC invocations=6 (full 1):
 PSYoungGen      total 71680K, used 0K [0x00000000e0000000, 0x00000000e9c00000, 0x0000000100000000)
  eden space 66560K, 0% used [0x00000000e0000000,0x00000000e0000000,0x00000000e4100000)
  from space 5120K, 0% used [0x00000000e4100000,0x00000000e4100000,0x00000000e4600000)
  to   space 13312K, 0% used [0x00000000e8f00000,0x00000000e8f00000,0x00000000e9c00000)
 ParOldGen       total 64000K, used 12091K [0x00000000a0000000, 0x00000000a3e80000, 0x00000000e0000000)
  object space 64000K, 18% used [0x00000000a0000000,0x00000000a0bcef30,0x00000000a3e80000)
 Metaspace       used 20640K, capacity 21092K, committed 21296K, reserved 1067008K
  class space    used 2953K, capacity 3106K, committed 3200K, reserved 1048576K
}
Event: 5.453 GC heap before
{Heap before GC invocations=7 (full 1):
 PSYoungGen      total 71680K, used 66560K [0x00000000e0000000, 0x00000000e9c00000, 0x0000000100000000)
  eden space 66560K, 100% used [0x00000000e0000000,0x00000000e4100000,0x00000000e4100000)
  from space 5120K, 0% used [0x00000000e4100000,0x00000000e4100000,0x00000000e4600000)
  to   space 13312K, 0% used [0x00000000e8f00000,0x00000000e8f00000,0x00000000e9c00000)
 ParOldGen       total 64000K, used 12091K [0x00000000a0000000, 0x00000000a3e80000, 0x00000000e0000000)
  object space 64000K, 18% used [0x00000000a0000000,0x00000000a0bcef30,0x00000000a3e80000)
 Metaspace       used 28838K, capacity 29350K, committed 29696K, reserved 1075200K
  class space    used 3879K, capacity 4016K, committed 4096K, reserved 1048576K
Event: 5.462 GC heap after
Heap after GC invocations=7 (full 1):
 PSYoungGen      total 115200K, used 8035K [0x00000000e0000000, 0x00000000e9700000, 0x0000000100000000)
  eden space 107008K, 0% used [0x00000000e0000000,0x00000000e0000000,0x00000000e6880000)
  from space 8192K, 98% used [0x00000000e8f00000,0x00000000e96d8d18,0x00000000e9700000)
  to   space 12800K, 0% used [0x00000000e7e00000,0x00000000e7e00000,0x00000000e8a80000)
 ParOldGen       total 64000K, used 12099K [0x00000000a0000000, 0x00000000a3e80000, 0x00000000e0000000)
  object space 64000K, 18% used [0x00000000a0000000,0x00000000a0bd0f30,0x00000000a3e80000)
 Metaspace       used 28838K, capacity 29350K, committed 29696K, reserved 1075200K
  class space    used 3879K, capacity 4016K, committed 4096K, reserved 1048576K
}
Event: 6.609 GC heap before
{Heap before GC invocations=8 (full 1):
 PSYoungGen      total 115200K, used 115043K [0x00000000e0000000, 0x00000000e9700000, 0x0000000100000000)
  eden space 107008K, 100% used [0x00000000e0000000,0x00000000e6880000,0x00000000e6880000)
  from space 8192K, 98% used [0x00000000e8f00000,0x00000000e96d8d18,0x00000000e9700000)
  to   space 12800K, 0% used [0x00000000e7e00000,0x00000000e7e00000,0x00000000e8a80000)
 ParOldGen       total 64000K, used 12099K [0x00000000a0000000, 0x00000000a3e80000, 0x00000000e0000000)
  object space 64000K, 18% used [0x00000000a0000000,0x00000000a0bd0f30,0x00000000a3e80000)
 Metaspace       used 34031K, capacity 34772K, committed 34944K, reserved 1079296K
  class space    used 4671K, capacity 4867K, committed 4992K, reserved 1048576K
Event: 6.626 GC heap after
Heap after GC invocations=8 (full 1):
 PSYoungGen      total 141824K, used 11077K [0x00000000e0000000, 0x00000000ec200000, 0x0000000100000000)
  eden space 129024K, 0% used [0x00000000e0000000,0x00000000e0000000,0x00000000e7e00000)
  from space 12800K, 86% used [0x00000000e7e00000,0x00000000e88d1578,0x00000000e8a80000)
  to   space 13824K, 0% used [0x00000000eb480000,0x00000000eb480000,0x00000000ec200000)
 ParOldGen       total 64000K, used 12107K [0x00000000a0000000, 0x00000000a3e80000, 0x00000000e0000000)
  object space 64000K, 18% used [0x00000000a0000000,0x00000000a0bd2f30,0x00000000a3e80000)
 Metaspace       used 34031K, capacity 34772K, committed 34944K, reserved 1079296K
  class space    used 4671K, capacity 4867K, committed 4992K, reserved 1048576K
}
Event: 6.975 GC heap before
{Heap before GC invocations=9 (full 1):
 PSYoungGen      total 141824K, used 27494K [0x00000000e0000000, 0x00000000ec200000, 0x0000000100000000)
  eden space 129024K, 12% used [0x00000000e0000000,0x00000000e10085d8,0x00000000e7e00000)
  from space 12800K, 86% used [0x00000000e7e00000,0x00000000e88d1578,0x00000000e8a80000)
  to   space 13824K, 0% used [0x00000000eb480000,0x00000000eb480000,0x00000000ec200000)
 ParOldGen       total 64000K, used 12107K [0x00000000a0000000, 0x00000000a3e80000, 0x00000000e0000000)
  object space 64000K, 18% used [0x00000000a0000000,0x00000000a0bd2f30,0x00000000a3e80000)
 Metaspace       used 34620K, capacity 35358K, committed 35456K, reserved 1079296K
  class space    used 4767K, capacity 4950K, committed 4992K, reserved 1048576K
Event: 6.999 GC heap after
Heap after GC invocations=9 (full 1):
 PSYoungGen      total 184832K, used 8387K [0x00000000e0000000, 0x00000000ef400000, 0x0000000100000000)
  eden space 171008K, 0% used [0x00000000e0000000,0x00000000e0000000,0x00000000ea700000)
  from space 13824K, 60% used [0x00000000eb480000,0x00000000ebcb0e00,0x00000000ec200000)
  to   space 13824K, 0% used [0x00000000ea700000,0x00000000ea700000,0x00000000eb480000)
 ParOldGen       total 64000K, used 12115K [0x00000000a0000000, 0x00000000a3e80000, 0x00000000e0000000)
  object space 64000K, 18% used [0x00000000a0000000,0x00000000a0bd4f30,0x00000000a3e80000)
 Metaspace       used 34620K, capacity 35358K, committed 35456K, reserved 1079296K
  class space    used 4767K, capacity 4950K, committed 4992K, reserved 1048576K
}
Event: 6.999 GC heap before
{Heap before GC invocations=10 (full 2):
 PSYoungGen      total 184832K, used 8387K [0x00000000e0000000, 0x00000000ef400000, 0x0000000100000000)
  eden space 171008K, 0% used [0x00000000e0000000,0x00000000e0000000,0x00000000ea700000)
  from space 13824K, 60% used [0x00000000eb480000,0x00000000ebcb0e00,0x00000000ec200000)
  to   space 13824K, 0% used [0x00000000ea700000,0x00000000ea700000,0x00000000eb480000)
 ParOldGen       total 64000K, used 12115K [0x00000000a0000000, 0x00000000a3e80000, 0x00000000e0000000)
  object space 64000K, 18% used [0x00000000a0000000,0x00000000a0bd4f30,0x00000000a3e80000)
 Metaspace       used 34620K, capacity 35358K, committed 35456K, reserved 1079296K
  class space    used 4767K, capacity 4950K, committed 4992K, reserved 1048576K
Event: 7.129 GC heap after
Heap after GC invocations=10 (full 2):
 PSYoungGen      total 184832K, used 0K [0x00000000e0000000, 0x00000000ef400000, 0x0000000100000000)
  eden space 171008K, 0% used [0x00000000e0000000,0x00000000e0000000,0x00000000ea700000)
  from space 13824K, 0% used [0x00000000eb480000,0x00000000eb480000,0x00000000ec200000)
  to   space 13824K, 0% used [0x00000000ea700000,0x00000000ea700000,0x00000000eb480000)
 ParOldGen       total 64000K, used 15279K [0x00000000a0000000, 0x00000000a3e80000, 0x00000000e0000000)
  object space 64000K, 23% used [0x00000000a0000000,0x00000000a0eebee8,0x00000000a3e80000)
 Metaspace       used 34610K, capacity 35328K, committed 35456K, reserved 1079296K
  class space    used 4765K, capacity 4945K, committed 4992K, reserved 1048576K
}

Deoptimization events (10 events):
Event: 8.036 Thread 0x0000000019a88000 Uncommon trap: reason=unstable_if action=reinterpret pc=0x0000000002d9b014 method=java.util.jar.JarFile.maybeInstantiateVerifier()V @ 75
Event: 8.037 Thread 0x0000000019a88000 Uncommon trap: reason=unstable_if action=reinterpret pc=0x0000000002b2c360 method=java.util.jar.Manifest$FastInputStream.readLine([BII)I @ 87
Event: 8.037 Thread 0x0000000019a88000 Uncommon trap: reason=unstable_if action=reinterpret pc=0x0000000002e6354c method=java.util.jar.Attributes$Name.isDigit(C)Z @ 3
Event: 8.044 Thread 0x0000000019a88000 Uncommon trap: reason=unstable_if action=reinterpret pc=0x0000000003458aa8 method=java.lang.ThreadLocal.get()Ljava/lang/Object; @ 11
Event: 8.077 Thread 0x0000000019a88000 Uncommon trap: reason=unstable_if action=reinterpret pc=0x0000000002e0167c method=java.lang.CharacterDataLatin1.isWhitespace(I)Z @ 14
Event: 8.119 Thread 0x0000000019a88000 Uncommon trap: reason=unstable_if action=reinterpret pc=0x0000000003434830 method=java.security.CodeSource.<init>(Ljava/net/URL;[Ljava/security/CodeSigner;)V @ 25
Event: 8.120 Thread 0x0000000019a88000 Uncommon trap: reason=unstable_if action=reinterpret pc=0x0000000002dffc6c method=java.security.CodeSource.getCertificates()[Ljava/security/cert/Certificate; @ 22
Event: 8.137 Thread 0x0000000019a88000 Uncommon trap: reason=unstable_if action=reinterpret pc=0x0000000002a2a0f8 method=java.util.LinkedHashMap.get(Ljava/lang/Object;)Ljava/lang/Object; @ 20
Event: 8.222 Thread 0x0000000019a88000 Uncommon trap: reason=unstable_if action=reinterpret pc=0x0000000003150060 method=org.objectweb.asm.ByteVector.putUTF8(Ljava/lang/String;)Lorg/objectweb/asm/ByteVector; @ 93
Event: 8.320 Thread 0x0000000019a88000 Uncommon trap: reason=unstable_if action=reinterpret pc=0x0000000002f151f0 method=org.objectweb.asm.ByteVector.putUTF8(Ljava/lang/String;)Lorg/objectweb/asm/ByteVector; @ 93

Classes redefined (0 events):
No events

Internal exceptions (10 events):
Event: 7.191 Thread 0x0000000019a88000 Exception <a 'java/lang/ClassNotFoundException': build_27hwddkh8o8ltlmiudi6629uyCustomizer> (0x00000000e054a7f0) thrown at [D:\src\AOSP-openjdk-cygwin\jdk8u\hotspot\src\share\vm\classfile\systemDictionary.cpp, line 210]
Event: 7.196 Thread 0x0000000019a88000 Exception <a 'java/lang/ClassNotFoundException': org/gradle/api/internal/plugins/DefaultObjectConfigurationActionBeanInfo> (0x00000000e05c0dd0) thrown at [D:\src\AOSP-openjdk-cygwin\jdk8u\hotspot\src\share\vm\classfile\systemDictionary.cpp, line 210]
Event: 7.197 Thread 0x0000000019a88000 Exception <a 'java/lang/ClassNotFoundException': org/gradle/api/internal/plugins/DefaultObjectConfigurationActionCustomizer> (0x00000000e0603c30) thrown at [D:\src\AOSP-openjdk-cygwin\jdk8u\hotspot\src\share\vm\classfile\systemDictionary.cpp, line 210]
Event: 7.514 Thread 0x0000000019a88000 Implicit null exception at 0x000000000335208a to 0x0000000003355d51
Event: 7.514 Thread 0x0000000019a88000 Implicit null exception at 0x0000000003267755 to 0x0000000003267a3d
Event: 8.044 Thread 0x0000000019a88000 Implicit null exception at 0x0000000003458548 to 0x0000000003458a91
Event: 8.340 Thread 0x0000000019a88000 Exception <a 'java/lang/ClassNotFoundException': com/android/build/gradle/internal/api/DefaultAndroidSourceSet_DecoratedBeanInfo> (0x00000000e54791c8) thrown at [D:\src\AOSP-openjdk-cygwin\jdk8u\hotspot\src\share\vm\classfile\systemDictionary.cpp, line 21
Event: 8.341 Thread 0x0000000019a88000 Exception <a 'java/lang/ClassNotFoundException': com/android/build/gradle/internal/api/DefaultAndroidSourceSetBeanInfo> (0x00000000e5496680) thrown at [D:\src\AOSP-openjdk-cygwin\jdk8u\hotspot\src\share\vm\classfile\systemDictionary.cpp, line 210]
Event: 8.341 Thread 0x0000000019a88000 Exception <a 'java/lang/ClassNotFoundException': com/android/build/gradle/internal/api/DefaultAndroidSourceSetCustomizer> (0x00000000e54b4038) thrown at [D:\src\AOSP-openjdk-cygwin\jdk8u\hotspot\src\share\vm\classfile\systemDictionary.cpp, line 210]
Event: 8.343 Thread 0x0000000019a88000 Exception <a 'java/lang/ClassNotFoundException': com/android/build/gradle/internal/api/DefaultAndroidSourceSet_DecoratedCustomizer> (0x00000000e551e800) thrown at [D:\src\AOSP-openjdk-cygwin\jdk8u\hotspot\src\share\vm\classfile\systemDictionary.cpp, line 

Events (10 events):
Event: 8.420 loading class com/android/build/gradle/internal/tasks/MergeGeneratedProguardFilesCreationAction
Event: 8.420 loading class com/android/build/gradle/internal/tasks/MergeGeneratedProguardFilesCreationAction done
Event: 8.421 loading class com/android/build/gradle/internal/tasks/MergeClassesTask$CreationAction
Event: 8.421 loading class com/android/build/gradle/internal/tasks/MergeClassesTask$CreationAction done
Event: 8.421 loading class com/android/build/gradle/internal/transforms/CustomClassTransform
Event: 8.421 loading class com/android/build/gradle/internal/transforms/CustomClassTransform done
Event: 8.422 loading class com/android/build/gradle/internal/tasks/D8MainDexListTask$CreationAction
Event: 8.422 loading class com/android/build/gradle/internal/tasks/D8MainDexListTask$CreationAction done
Event: 8.423 loading class com/android/build/gradle/internal/tasks/MergeJavaResourceTask$CreationAction
Event: 8.423 loading class com/android/build/gradle/internal/tasks/MergeJavaResourceTask$CreationAction done


Dynamic libraries:
0x00007ff7dfd00000 - 0x00007ff7dfd31000 	C:\Program Files\Android\Android Studio\jre\bin\java.exe
0x00007fff908c0000 - 0x00007fff90ab0000 	C:\WINDOWS\SYSTEM32\ntdll.dll
0x00007fff90250000 - 0x00007fff90302000 	C:\WINDOWS\System32\KERNEL32.DLL
0x00007fff8db20000 - 0x00007fff8ddc3000 	C:\WINDOWS\System32\KERNELBASE.dll
0x00007fff8fad0000 - 0x00007fff8fb73000 	C:\WINDOWS\System32\ADVAPI32.dll
0x00007fff90400000 - 0x00007fff9049e000 	C:\WINDOWS\System32\msvcrt.dll
0x00007fff8fca0000 - 0x00007fff8fd37000 	C:\WINDOWS\System32\sechost.dll
0x00007fff8fb80000 - 0x00007fff8fca0000 	C:\WINDOWS\System32\RPCRT4.dll
0x00007fff904a0000 - 0x00007fff90634000 	C:\WINDOWS\System32\USER32.dll
0x00007fff8e790000 - 0x00007fff8e7b1000 	C:\WINDOWS\System32\win32u.dll
0x00007fff8e9d0000 - 0x00007fff8e9f6000 	C:\WINDOWS\System32\GDI32.dll
0x00007fff8e550000 - 0x00007fff8e6e4000 	C:\WINDOWS\System32\gdi32full.dll
0x00007fff8e6f0000 - 0x00007fff8e78e000 	C:\WINDOWS\System32\msvcp_win.dll
0x00007fff8da20000 - 0x00007fff8db1a000 	C:\WINDOWS\System32\ucrtbase.dll
0x00007fff7e8a0000 - 0x00007fff7eb25000 	C:\WINDOWS\WinSxS\amd64_microsoft.windows.common-controls_6595b64144ccf1df_6.0.18362.778_none_e6c6b761130d4fb8\COMCTL32.dll
0x00007fff8fdb0000 - 0x00007fff900e6000 	C:\WINDOWS\System32\combase.dll
0x00007fff8d950000 - 0x00007fff8d9d0000 	C:\WINDOWS\System32\bcryptPrimitives.dll
0x00007fff8f570000 - 0x00007fff8f59e000 	C:\WINDOWS\System32\IMM32.DLL
0x0000000060e10000 - 0x0000000060ee2000 	C:\Program Files\Android\Android Studio\jre\jre\bin\msvcr100.dll
0x0000000060ef0000 - 0x0000000061736000 	C:\Program Files\Android\Android Studio\jre\jre\bin\server\jvm.dll
0x00007fff907f0000 - 0x00007fff907f8000 	C:\WINDOWS\System32\PSAPI.DLL
0x00007fff790e0000 - 0x00007fff790e9000 	C:\WINDOWS\SYSTEM32\WSOCK32.dll
0x00007fff8fd40000 - 0x00007fff8fdaf000 	C:\WINDOWS\System32\WS2_32.dll
0x00007fff898b0000 - 0x00007fff898d4000 	C:\WINDOWS\SYSTEM32\WINMM.dll
0x00007fff88da0000 - 0x00007fff88daa000 	C:\WINDOWS\SYSTEM32\VERSION.dll
0x00007fff89880000 - 0x00007fff898ad000 	C:\WINDOWS\SYSTEM32\winmmbase.dll
0x00007fff8d9d0000 - 0x00007fff8da1a000 	C:\WINDOWS\System32\cfgmgr32.dll
0x00007fff89610000 - 0x00007fff8961f000 	C:\Program Files\Android\Android Studio\jre\jre\bin\verify.dll
0x00007fff81ea0000 - 0x00007fff81ec9000 	C:\Program Files\Android\Android Studio\jre\jre\bin\java.dll
0x00007fff7f2a0000 - 0x00007fff7f2b6000 	C:\Program Files\Android\Android Studio\jre\jre\bin\zip.dll
0x00007fff8ea00000 - 0x00007fff8f0e5000 	C:\WINDOWS\System32\SHELL32.dll
0x00007fff8f150000 - 0x00007fff8f1f9000 	C:\WINDOWS\System32\shcore.dll
0x00007fff8ddd0000 - 0x00007fff8e550000 	C:\WINDOWS\System32\windows.storage.dll
0x00007fff8d820000 - 0x00007fff8d843000 	C:\WINDOWS\System32\profapi.dll
0x00007fff8d790000 - 0x00007fff8d7da000 	C:\WINDOWS\System32\powrprof.dll
0x00007fff8d780000 - 0x00007fff8d790000 	C:\WINDOWS\System32\UMPDC.dll
0x00007fff8e970000 - 0x00007fff8e9c2000 	C:\WINDOWS\System32\shlwapi.dll
0x00007fff8d800000 - 0x00007fff8d811000 	C:\WINDOWS\System32\kernel.appcore.dll
0x00007fff8d850000 - 0x00007fff8d867000 	C:\WINDOWS\System32\cryptsp.dll
0x00007fff7f220000 - 0x00007fff7f23a000 	C:\Program Files\Android\Android Studio\jre\jre\bin\net.dll
0x00007fff811c0000 - 0x00007fff81395000 	C:\WINDOWS\SYSTEM32\urlmon.dll
0x00007fff816d0000 - 0x00007fff81976000 	C:\WINDOWS\SYSTEM32\iertutil.dll
0x00007fff8d1c0000 - 0x00007fff8d1cc000 	C:\WINDOWS\SYSTEM32\CRYPTBASE.DLL
0x00007fff8cff0000 - 0x00007fff8d057000 	C:\WINDOWS\system32\mswsock.dll
0x00007fff7d7e0000 - 0x00007fff7d7f3000 	C:\Program Files\Android\Android Studio\jre\jre\bin\nio.dll
0x00007fff6be20000 - 0x00007fff6be46000 	C:\Users\Caroline\.gradle\native\30\windows-amd64\native-platform.dll
0x00007fff885e0000 - 0x00007fff885ed000 	C:\Program Files\Android\Android Studio\jre\jre\bin\management.dll
0x00007fff8cb60000 - 0x00007fff8cb93000 	C:\WINDOWS\system32\rsaenh.dll
0x00007fff8d920000 - 0x00007fff8d946000 	C:\WINDOWS\System32\bcrypt.dll
0x00007fff8d6a0000 - 0x00007fff8d6c5000 	C:\WINDOWS\SYSTEM32\USERENV.dll
0x00007fff8cd00000 - 0x00007fff8cd3a000 	C:\WINDOWS\SYSTEM32\IPHLPAPI.DLL
0x00007fff8f5a0000 - 0x00007fff8f5a8000 	C:\WINDOWS\System32\NSI.dll
0x00007fff80830000 - 0x00007fff80846000 	C:\WINDOWS\SYSTEM32\dhcpcsvc6.DLL
0x00007fff80900000 - 0x00007fff8091c000 	C:\WINDOWS\SYSTEM32\dhcpcsvc.DLL
0x00007fff8cd40000 - 0x00007fff8ce0a000 	C:\WINDOWS\SYSTEM32\DNSAPI.dll

VM Arguments:
jvm_args: -Xmx1536m -Dfile.encoding=windows-1252 -Duser.country=FR -Duser.language=fr -Duser.variant 
java_command: org.gradle.launcher.daemon.bootstrap.GradleDaemon 5.6.4
java_class_path (initial): C:\Users\Caroline\.gradle\wrapper\dists\gradle-5.6.4-all\ankdp27end7byghfw1q2sw75f\gradle-5.6.4\lib\gradle-launcher-5.6.4.jar
Launcher Type: SUN_STANDARD

Environment Variables:
PATH=C:\ProgramData\Oracle\Java\javapath;C:\Program Files (x86)\Intel\iCLS Client\;C:\Program Files\Intel\iCLS Client\;C:\Windows\system32;C:\Windows;C:\Windows\System32\Wbem;C:\Windows\System32\WindowsPowerShell\v1.0\;C:\Program Files\Intel\Intel(R) Management Engine Components\DAL;C:\Program Files\Intel\Intel(R) Management Engine Components\IPT;C:\Program Files (x86)\Intel\Intel(R) Management Engine Components\DAL;C:\Program Files (x86)\Intel\Intel(R) Management Engine Components\IPT;C:\Program Files (x86)\CodeBlocks\MinGW\bin;C:\Program Files (x86)\IVI Foundation\IVI\bin;C:\Program Files\IVI Foundation\IVI\bin;C:\Program Files (x86)\IVI Foundation\VISA\WinNT\Bin\;C:\Program Files\IVI Foundation\VISA\Win64\Bin\;C:\Program Files (x86)\IVI Foundation\VISA\WinNT\Bin;C:\Program Files (x86)\NVIDIA Corporation\PhysX\Common;C:\Program Files\Intel\WiFi\bin\;C:\Program Files\Common Files\Intel\WirelessCommon\;C:\WINDOWS\system32;C:\WINDOWS;C:\WINDOWS\System32\Wbem;C:\WINDOWS\System32\WindowsPowerShell\v1.0\;C:\WINDOWS\System32\OpenSSH\;C:\Program Files\MATLAB\R2019a\runtime\win64;C:\Program Files\MATLAB\R2019a\bin;C:\Program Files\NVIDIA Corporation\NVIDIA NvDLISR;C:\Program Files\Git\cmd;C:\Users\Caroline\AppData\Roaming\Quest Software\vWorkspace Client\;C:\Users\Caroline\AppData\Roaming\Dashlane\4.6.5.21982\bin\Firefox_Extension\{442718d9-475e-452a-b3e1-fb1ee16b8e9f}\components;C:\Users\Caroline\AppData\Roaming\Dashlane\4.6.6.23032\bin\Firefox_Extension\{442718d9-475e-452a-b3e1-fb1ee16b8e9f}\components;C:\Users\Caroline\AppData\Local\Microsoft\WindowsApps;C:\Users\Caroline\AppData\Roaming\Dashlane\6.1907.0.17833\bin\Firefox_Extension\{442718d9-475e-452a-b3e1-fb1ee16b8e9f}\components;C:\Users\Caroline\AppData\Roaming\Dashlane\6.1907.0.17833\ucrt;C:\Users\Caroline\AppData\Roaming\Dashlane\6.1907.0.17833\bin\Qt;C:\Users\Caroline\AppData\Roaming\Dashlane\6.1907.0.17833\bin\Ssl
USERNAME=Caroline
OS=Windows_NT
PROCESSOR_IDENTIFIER=Intel64 Family 6 Model 69 Stepping 1, GenuineIntel



---------------  S Y S T E M  ---------------

OS: Windows 10.0 , 64 bit Build 18362 (10.0.18362.778)

CPU:total 4 (initial active 4) (2 cores per cpu, 2 threads per core) family 6 model 69 stepping 1, cmov, cx8, fxsr, mmx, sse, sse2, sse3, ssse3, sse4.1, sse4.2, popcnt, avx, avx2, aes, clmul, erms, lzcnt, ht, tsc, tscinvbit, bmi1, bmi2

Memory: 4k page, physical 8274856k(739148k free), swap 10226600k(5836k free)

vm_info: OpenJDK 64-Bit Server VM (25.212-b04) for windows-amd64 JRE (1.8.0_212-release-1586-b04), built by "builder" with MS VC++ 10.0 (VS2010)

time: Fri Apr 24 11:47:29 2020
timezone: Paris, Madrid (heure d’été)
elapsed time: 8 seconds (0d 0h 0m 8s)

