#
# There is insufficient memory for the Java Runtime Environment to continue.
# Native memory allocation (malloc) failed to allocate 32744 bytes for ChunkPool::allocate
# Possible reasons:
#   The system is out of physical RAM or swap space
#   The process is running with CompressedOops enabled, and the Java Heap may be blocking the growth of the native heap
# Possible solutions:
#   Reduce memory load on the system
#   Increase physical memory or swap space
#   Check if swap backing store is full
#   Decrease Java heap size (-Xmx/-Xms)
#   Decrease number of Java threads
#   Decrease Java thread stack sizes (-Xss)
#   Set larger code cache with -XX:ReservedCodeCacheSize=
#   JVM is running with Unscaled Compressed Oops mode in which the Java heap is
#     placed in the first 4GB address space. The Java Heap base address is the
#     maximum limit for the native heap growth. Please use -XX:HeapBaseMinAddress
#     to set the Java Heap base and to place the Java Heap above 4GB virtual address.
# This output file may be truncated or incomplete.
#
#  Out of Memory Error (allocation.cpp:272), pid=15956, tid=0x00000000000041c0
#
# JRE version: OpenJDK Runtime Environment (8.0_212-b04) (build 1.8.0_212-release-1586-b04)
# Java VM: OpenJDK 64-Bit Server VM (25.212-b04 mixed mode windows-amd64 compressed oops)
# Failed to write core dump. Minidumps are not enabled by default on client versions of Windows
#

---------------  T H R E A D  ---------------

Current thread (0x000000001677d800):  JavaThread "C2 CompilerThread0" daemon [_thread_in_native, id=16832, stack(0x0000000017e10000,0x0000000017f10000)]

Stack: [0x0000000017e10000,0x0000000017f10000]
[error occurred during error reporting (printing stack bounds), id 0xc0000005]

Native frames: (J=compiled Java code, j=interpreted, Vv=VM code, C=native code)


Current CompileTask:
C2:   6379 3149       4       org.codehaus.groovy.reflection.CachedMethod::compareTo (25 bytes)


---------------  P R O C E S S  ---------------

Java Threads: ( => current thread )
  0x0000000018355000 JavaThread "Build operations Thread 4" [_thread_blocked, id=15884, stack(0x00000000220e0000,0x00000000221e0000)]
  0x0000000018353000 JavaThread "Build operations Thread 3" [_thread_blocked, id=13724, stack(0x0000000021fe0000,0x00000000220e0000)]
  0x0000000018356800 JavaThread "Build operations Thread 2" [_thread_blocked, id=10984, stack(0x0000000021ee0000,0x0000000021fe0000)]
  0x0000000018353800 JavaThread "Build operations" [_thread_blocked, id=9996, stack(0x0000000021b40000,0x0000000021c40000)]
  0x0000000019c62000 JavaThread "Cache worker for execution history cache (C:\Users\Caroline\.gradle\caches\5.6.4\executionHistory)" [_thread_blocked, id=17076, stack(0x0000000020280000,0x0000000020380000)]
  0x0000000019c63800 JavaThread "Cache worker for cache directory md-rule (C:\Users\Caroline\.gradle\caches\5.6.4\md-rule)" [_thread_blocked, id=7100, stack(0x0000000020180000,0x0000000020280000)]
  0x0000000019c61800 JavaThread "Cache worker for cache directory md-supplier (C:\Users\Caroline\.gradle\caches\5.6.4\md-supplier)" [_thread_blocked, id=10144, stack(0x0000000020080000,0x0000000020180000)]
  0x0000000019c5f000 JavaThread "Cache worker for file hash cache (C:\Users\Caroline\Desktop\ethz\3D_vision\fixing-ar\fixing-ar\.gradle\5.6.4\fileHashes)" [_thread_blocked, id=17008, stack(0x000000001e900000,0x000000001ea00000)]
  0x0000000019c64800 JavaThread "Cache worker for journal cache (C:\Users\Caroline\.gradle\caches\journal-1)" [_thread_blocked, id=15072, stack(0x000000001c560000,0x000000001c660000)]
  0x0000000019c5e800 JavaThread "File lock request listener" [_thread_in_native, id=16648, stack(0x000000001c460000,0x000000001c560000)]
  0x00000000192d6000 JavaThread "Cache worker for file hash cache (C:\Users\Caroline\.gradle\caches\5.6.4\fileHashes)" [_thread_blocked, id=7696, stack(0x000000001c360000,0x000000001c460000)]
  0x000000001a1a7800 JavaThread "Thread-9" [_thread_blocked, id=14032, stack(0x000000001c060000,0x000000001c160000)]
  0x000000001a1a0800 JavaThread "Stdin handler" [_thread_blocked, id=10564, stack(0x000000001bf60000,0x000000001c060000)]
  0x000000001a19d000 JavaThread "Asynchronous log dispatcher for DefaultDaemonConnection: socket connection from /127.0.0.1:54054 to /127.0.0.1:54055" [_thread_blocked, id=11584, stack(0x000000001be60000,0x000000001bf60000)]
  0x000000001a18a000 JavaThread "Daemon worker" [_thread_in_native, id=932, stack(0x000000001bd60000,0x000000001be60000)]
  0x000000001a118800 JavaThread "Cancel handler" [_thread_blocked, id=13516, stack(0x000000001bc60000,0x000000001bd60000)]
  0x000000001a180800 JavaThread "Handler for socket connection from /127.0.0.1:54054 to /127.0.0.1:54055" [_thread_in_native, id=3060, stack(0x000000001b960000,0x000000001ba60000)]
  0x000000001a17b800 JavaThread "Daemon" [_thread_blocked, id=11744, stack(0x000000001b860000,0x000000001b960000)]
  0x000000001a0f4800 JavaThread "Daemon periodic checks" [_thread_blocked, id=12112, stack(0x000000001b760000,0x000000001b860000)]
  0x000000001a0ec000 JavaThread "Incoming local TCP Connector on port 54054" [_thread_in_native, id=12256, stack(0x000000001b4f0000,0x000000001b5f0000)]
  0x000000001877e000 JavaThread "Daemon health stats" [_thread_blocked, id=7384, stack(0x000000001aeb0000,0x000000001afb0000)]
  0x00000000167de000 JavaThread "Service Thread" daemon [_thread_blocked, id=6912, stack(0x0000000018510000,0x0000000018610000)]
  0x000000001678e000 JavaThread "C1 CompilerThread2" daemon [_thread_blocked, id=16856, stack(0x0000000018010000,0x0000000018110000)]
  0x0000000016785000 JavaThread "C2 CompilerThread1" daemon [_thread_in_native, id=13064, stack(0x0000000017f10000,0x0000000018010000)]
=>0x000000001677d800 JavaThread "C2 CompilerThread0" daemon [_thread_in_native, id=16832, stack(0x0000000017e10000,0x0000000017f10000)]
  0x000000001677c000 JavaThread "Attach Listener" daemon [_thread_blocked, id=4496, stack(0x0000000017d10000,0x0000000017e10000)]
  0x000000001677a800 JavaThread "Signal Dispatcher" daemon [_thread_blocked, id=4996, stack(0x0000000017c10000,0x0000000017d10000)]
  0x0000000002e0c000 JavaThread "Finalizer" daemon [_thread_blocked, id=4836, stack(0x00000000179e0000,0x0000000017ae0000)]
  0x0000000016769000 JavaThread "Reference Handler" daemon [_thread_blocked, id=17164, stack(0x00000000178e0000,0x00000000179e0000)]
  0x0000000002d12800 JavaThread "main" [_thread_blocked, id=1412, stack(0x0000000002c10000,0x0000000002d10000)]

Other Threads:
  0x0000000016746000 VMThread [stack: 0x00000000177e0000,0x00000000178e0000] [id=13540]
  0x00000000167de800 WatcherThread [stack: 0x0000000018610000,0x0000000018710000] [id=15836]

VM state:not at safepoint (normal execution)

VM Mutex/Monitor currently owned by a thread: None

heap address: 0x00000000a0000000, size: 1536 MB, Compressed Oops mode: 32-bit
Narrow klass base: 0x0000000000000000, Narrow klass shift: 3
Compressed class space size: 1073741824 Address: 0x0000000100000000

Heap:
 PSYoungGen      total 110592K, used 5846K [0x00000000e0000000, 0x00000000e9580000, 0x0000000100000000)
  eden space 98816K, 5% used [0x00000000e0000000,0x00000000e05b5968,0x00000000e6080000)
  from space 11776K, 0% used [0x00000000e6080000,0x00000000e6080000,0x00000000e6c00000)
  to   space 12288K, 0% used [0x00000000e8980000,0x00000000e8980000,0x00000000e9580000)
 ParOldGen       total 101376K, used 17205K [0x00000000a0000000, 0x00000000a6300000, 0x00000000e0000000)
  object space 101376K, 16% used [0x00000000a0000000,0x00000000a10cd770,0x00000000a6300000)
 Metaspace       used 34642K, capacity 35476K, committed 35712K, reserved 1079296K
  class space    used 4771K, capacity 4949K, committed 4992K, reserved 1048576K

Card table byte_map: [0x00000000121d0000,0x00000000124e0000] byte_map_base: 0x0000000011cd0000

Marking Bits: (ParMarkBitMap*) 0x00000000616b9f30
 Begin Bits: [0x0000000012ae0000, 0x00000000142e0000)
 End Bits:   [0x00000000142e0000, 0x0000000015ae0000)

Polling page: 0x0000000001380000

CodeCache: size=245760Kb used=10549Kb max_used=11071Kb free=235210Kb
 bounds [0x0000000002e10000, 0x00000000038f0000, 0x0000000011e10000]
 total_blobs=3693 nmethods=2993 adapters=613
 compilation: enabled

Compilation events (10 events):
Event: 6.356 Thread 0x000000001678e000 3207       3       java.lang.reflect.WeakCache::expungeStaleEntries (31 bytes)
Event: 6.357 Thread 0x000000001678e000 nmethod 3207 0x0000000003065390 code [0x0000000003065540, 0x0000000003065bf8]
Event: 6.358 Thread 0x000000001678e000 3208       3       java.util.Arrays$LegacyMergeSort::access$000 (4 bytes)
Event: 6.358 Thread 0x000000001678e000 nmethod 3208 0x0000000003028550 code [0x00000000030286a0, 0x00000000030287d0]
Event: 6.361 Thread 0x000000001678e000 3209       1       groovy.lang.MetaClassImpl$MethodIndexAction::skipClass (2 bytes)
Event: 6.361 Thread 0x000000001678e000 nmethod 3209 0x00000000031dfd50 code [0x00000000031dfea0, 0x00000000031dffb0]
Event: 6.368 Thread 0x000000001678e000 3210       1       java.beans.FeatureDescriptor::setName (6 bytes)
Event: 6.369 Thread 0x000000001678e000 nmethod 3210 0x0000000003252590 code [0x00000000032526e0, 0x0000000003252810]
Event: 6.369 Thread 0x000000001678e000 3211       1       java.util.TreeMap::size (5 bytes)
Event: 6.369 Thread 0x000000001678e000 nmethod 3211 0x0000000002f11350 code [0x0000000002f114a0, 0x0000000002f115b0]

GC Heap History (10 events):
Event: 3.763 GC heap before
{Heap before GC invocations=7 (full 1):
 PSYoungGen      total 76800K, used 8823K [0x00000000e0000000, 0x00000000e5700000, 0x0000000100000000)
  eden space 66048K, 0% used [0x00000000e0000000,0x00000000e0000000,0x00000000e4080000)
  from space 10752K, 82% used [0x00000000e4b80000,0x00000000e541dcf8,0x00000000e5600000)
  to   space 11264K, 0% used [0x00000000e4080000,0x00000000e4080000,0x00000000e4b80000)
 ParOldGen       total 87552K, used 7649K [0x00000000a0000000, 0x00000000a5580000, 0x00000000e0000000)
  object space 87552K, 8% used [0x00000000a0000000,0x00000000a0778518,0x00000000a5580000)
 Metaspace       used 20641K, capacity 21092K, committed 21296K, reserved 1067008K
  class space    used 2953K, capacity 3106K, committed 3200K, reserved 1048576K
Event: 3.847 GC heap after
Heap after GC invocations=7 (full 1):
 PSYoungGen      total 76800K, used 0K [0x00000000e0000000, 0x00000000e5700000, 0x0000000100000000)
  eden space 66048K, 0% used [0x00000000e0000000,0x00000000e0000000,0x00000000e4080000)
  from space 10752K, 0% used [0x00000000e4b80000,0x00000000e4b80000,0x00000000e5600000)
  to   space 11264K, 0% used [0x00000000e4080000,0x00000000e4080000,0x00000000e4b80000)
 ParOldGen       total 62976K, used 9477K [0x00000000a0000000, 0x00000000a3d80000, 0x00000000e0000000)
  object space 62976K, 15% used [0x00000000a0000000,0x00000000a0941430,0x00000000a3d80000)
 Metaspace       used 20641K, capacity 21092K, committed 21296K, reserved 1067008K
  class space    used 2953K, capacity 3106K, committed 3200K, reserved 1048576K
}
Event: 4.855 GC heap before
{Heap before GC invocations=8 (full 1):
 PSYoungGen      total 76800K, used 66048K [0x00000000e0000000, 0x00000000e5700000, 0x0000000100000000)
  eden space 66048K, 100% used [0x00000000e0000000,0x00000000e4080000,0x00000000e4080000)
  from space 10752K, 0% used [0x00000000e4b80000,0x00000000e4b80000,0x00000000e5600000)
  to   space 11264K, 0% used [0x00000000e4080000,0x00000000e4080000,0x00000000e4b80000)
 ParOldGen       total 62976K, used 9477K [0x00000000a0000000, 0x00000000a3d80000, 0x00000000e0000000)
  object space 62976K, 15% used [0x00000000a0000000,0x00000000a0941430,0x00000000a3d80000)
 Metaspace       used 28730K, capacity 29286K, committed 29696K, reserved 1075200K
  class space    used 3870K, capacity 4016K, committed 4096K, reserved 1048576K
Event: 4.870 GC heap after
Heap after GC invocations=8 (full 1):
 PSYoungGen      total 77312K, used 7831K [0x00000000e0000000, 0x00000000e7780000, 0x0000000100000000)
  eden space 66048K, 0% used [0x00000000e0000000,0x00000000e0000000,0x00000000e4080000)
  from space 11264K, 69% used [0x00000000e4080000,0x00000000e4825d48,0x00000000e4b80000)
  to   space 11264K, 0% used [0x00000000e6c80000,0x00000000e6c80000,0x00000000e7780000)
 ParOldGen       total 62976K, used 9485K [0x00000000a0000000, 0x00000000a3d80000, 0x00000000e0000000)
  object space 62976K, 15% used [0x00000000a0000000,0x00000000a0943430,0x00000000a3d80000)
 Metaspace       used 28730K, capacity 29286K, committed 29696K, reserved 1075200K
  class space    used 3870K, capacity 4016K, committed 4096K, reserved 1048576K
}
Event: 5.432 GC heap before
{Heap before GC invocations=9 (full 1):
 PSYoungGen      total 77312K, used 73879K [0x00000000e0000000, 0x00000000e7780000, 0x0000000100000000)
  eden space 66048K, 100% used [0x00000000e0000000,0x00000000e4080000,0x00000000e4080000)
  from space 11264K, 69% used [0x00000000e4080000,0x00000000e4825d48,0x00000000e4b80000)
  to   space 11264K, 0% used [0x00000000e6c80000,0x00000000e6c80000,0x00000000e7780000)
 ParOldGen       total 62976K, used 9485K [0x00000000a0000000, 0x00000000a3d80000, 0x00000000e0000000)
  object space 62976K, 15% used [0x00000000a0000000,0x00000000a0943430,0x00000000a3d80000)
 Metaspace       used 31805K, capacity 32318K, committed 32512K, reserved 1077248K
  class space    used 4367K, capacity 4536K, committed 4608K, reserved 1048576K
Event: 5.442 GC heap after
Heap after GC invocations=9 (full 1):
 PSYoungGen      total 110080K, used 8296K [0x00000000e0000000, 0x00000000e7780000, 0x0000000100000000)
  eden space 98816K, 0% used [0x00000000e0000000,0x00000000e0000000,0x00000000e6080000)
  from space 11264K, 73% used [0x00000000e6c80000,0x00000000e749a3f0,0x00000000e7780000)
  to   space 11776K, 0% used [0x00000000e6080000,0x00000000e6080000,0x00000000e6c00000)
 ParOldGen       total 62976K, used 9493K [0x00000000a0000000, 0x00000000a3d80000, 0x00000000e0000000)
  object space 62976K, 15% used [0x00000000a0000000,0x00000000a0945430,0x00000000a3d80000)
 Metaspace       used 31805K, capacity 32318K, committed 32512K, reserved 1077248K
  class space    used 4367K, capacity 4536K, committed 4608K, reserved 1048576K
}
Event: 6.213 GC heap before
{Heap before GC invocations=10 (full 1):
 PSYoungGen      total 110080K, used 64784K [0x00000000e0000000, 0x00000000e7780000, 0x0000000100000000)
  eden space 98816K, 57% used [0x00000000e0000000,0x00000000e3729c98,0x00000000e6080000)
  from space 11264K, 73% used [0x00000000e6c80000,0x00000000e749a3f0,0x00000000e7780000)
  to   space 11776K, 0% used [0x00000000e6080000,0x00000000e6080000,0x00000000e6c00000)
 ParOldGen       total 62976K, used 9493K [0x00000000a0000000, 0x00000000a3d80000, 0x00000000e0000000)
  object space 62976K, 15% used [0x00000000a0000000,0x00000000a0945430,0x00000000a3d80000)
 Metaspace       used 34633K, capacity 35430K, committed 35496K, reserved 1079296K
  class space    used 4766K, capacity 4952K, committed 4992K, reserved 1048576K
Event: 6.231 GC heap after
Heap after GC invocations=10 (full 1):
 PSYoungGen      total 110592K, used 10302K [0x00000000e0000000, 0x00000000e9580000, 0x0000000100000000)
  eden space 98816K, 0% used [0x00000000e0000000,0x00000000e0000000,0x00000000e6080000)
  from space 11776K, 87% used [0x00000000e6080000,0x00000000e6a8fb90,0x00000000e6c00000)
  to   space 12288K, 0% used [0x00000000e8980000,0x00000000e8980000,0x00000000e9580000)
 ParOldGen       total 62976K, used 9501K [0x00000000a0000000, 0x00000000a3d80000, 0x00000000e0000000)
  object space 62976K, 15% used [0x00000000a0000000,0x00000000a0947430,0x00000000a3d80000)
 Metaspace       used 34633K, capacity 35430K, committed 35496K, reserved 1079296K
  class space    used 4766K, capacity 4952K, committed 4992K, reserved 1048576K
}
Event: 6.231 GC heap before
{Heap before GC invocations=11 (full 2):
 PSYoungGen      total 110592K, used 10302K [0x00000000e0000000, 0x00000000e9580000, 0x0000000100000000)
  eden space 98816K, 0% used [0x00000000e0000000,0x00000000e0000000,0x00000000e6080000)
  from space 11776K, 87% used [0x00000000e6080000,0x00000000e6a8fb90,0x00000000e6c00000)
  to   space 12288K, 0% used [0x00000000e8980000,0x00000000e8980000,0x00000000e9580000)
 ParOldGen       total 62976K, used 9501K [0x00000000a0000000, 0x00000000a3d80000, 0x00000000e0000000)
  object space 62976K, 15% used [0x00000000a0000000,0x00000000a0947430,0x00000000a3d80000)
 Metaspace       used 34633K, capacity 35430K, committed 35496K, reserved 1079296K
  class space    used 4766K, capacity 4952K, committed 4992K, reserved 1048576K
Event: 6.348 GC heap after
Heap after GC invocations=11 (full 2):
 PSYoungGen      total 110592K, used 0K [0x00000000e0000000, 0x00000000e9580000, 0x0000000100000000)
  eden space 98816K, 0% used [0x00000000e0000000,0x00000000e0000000,0x00000000e6080000)
  from space 11776K, 0% used [0x00000000e6080000,0x00000000e6080000,0x00000000e6c00000)
  to   space 12288K, 0% used [0x00000000e8980000,0x00000000e8980000,0x00000000e9580000)
 ParOldGen       total 101376K, used 17205K [0x00000000a0000000, 0x00000000a6300000, 0x00000000e0000000)
  object space 101376K, 16% used [0x00000000a0000000,0x00000000a10cd770,0x00000000a6300000)
 Metaspace       used 34627K, capacity 35412K, committed 35496K, reserved 1079296K
  class space    used 4764K, capacity 4949K, committed 4992K, reserved 1048576K
}

Deoptimization events (10 events):
Event: 4.927 Thread 0x000000001a18a000 Uncommon trap: reason=unstable_if action=reinterpret pc=0x00000000030a9d8c method=java.io.WinNTFileSystem.resolve(Ljava/lang/String;Ljava/lang/String;)Ljava/lang/String; @ 49
Event: 5.845 Thread 0x000000001a18a000 Uncommon trap: reason=unstable_if action=reinterpret pc=0x0000000003791ec8 method=java.util.concurrent.ConcurrentHashMap.get(Ljava/lang/Object;)Ljava/lang/Object; @ 76
Event: 5.845 Thread 0x000000001a18a000 Uncommon trap: reason=class_check action=maybe_recompile pc=0x0000000003396af4 method=java.util.concurrent.ConcurrentHashMap.putVal(Ljava/lang/Object;Ljava/lang/Object;Z)Ljava/lang/Object; @ 192
Event: 5.882 Thread 0x0000000018353000 Uncommon trap: reason=class_check action=maybe_recompile pc=0x0000000003396af4 method=java.util.concurrent.ConcurrentHashMap.putVal(Ljava/lang/Object;Ljava/lang/Object;Z)Ljava/lang/Object; @ 192
Event: 5.919 Thread 0x0000000018353000 Uncommon trap: reason=unstable_if action=reinterpret pc=0x0000000003396b68 method=java.util.concurrent.ConcurrentHashMap.addCount(JI)V @ 168
Event: 5.919 Thread 0x0000000018353000 Uncommon trap: reason=unstable_if action=reinterpret pc=0x00000000032d3590 method=java.util.concurrent.ConcurrentHashMap.transfer([Ljava/util/concurrent/ConcurrentHashMap$Node;[Ljava/util/concurrent/ConcurrentHashMap$Node;)V @ 34
Event: 5.919 Thread 0x0000000018356800 Uncommon trap: reason=unstable_if action=reinterpret pc=0x00000000032af994 method=java.util.concurrent.ConcurrentHashMap.addCount(JI)V @ 168
Event: 5.920 Thread 0x0000000018353800 Uncommon trap: reason=unstable_if action=reinterpret pc=0x00000000032d35c0 method=java.util.concurrent.ConcurrentHashMap.transfer([Ljava/util/concurrent/ConcurrentHashMap$Node;[Ljava/util/concurrent/ConcurrentHashMap$Node;)V @ 277
Event: 5.920 Thread 0x0000000018353800 Uncommon trap: reason=unstable_if action=reinterpret pc=0x0000000003396b68 method=java.util.concurrent.ConcurrentHashMap.addCount(JI)V @ 168
Event: 6.181 Thread 0x000000001a18a000 Uncommon trap: reason=range_check action=make_not_entrant pc=0x0000000003806968 method=java.lang.String.charAt(I)C @ 27

Classes redefined (0 events):
No events

Internal exceptions (10 events):
Event: 6.139 Thread 0x000000001a18a000 Exception <a 'java/lang/ClassNotFoundException': org/gradle/api/internal/project/DefaultProjectCustomizer> (0x00000000e3264ba8) thrown at [D:\src\AOSP-openjdk-cygwin\jdk8u\hotspot\src\share\vm\classfile\systemDictionary.cpp, line 210]
Event: 6.145 Thread 0x000000001a18a000 Exception <a 'java/lang/ClassNotFoundException': org/gradle/api/internal/project/DefaultProject_DecoratedCustomizer> (0x00000000e3370f70) thrown at [D:\src\AOSP-openjdk-cygwin\jdk8u\hotspot\src\share\vm\classfile\systemDictionary.cpp, line 210]
Event: 6.362 Thread 0x000000001a18a000 Exception <a 'java/lang/ClassNotFoundException': org/gradle/api/tasks/Delete_DecoratedBeanInfo> (0x00000000e00d85c8) thrown at [D:\src\AOSP-openjdk-cygwin\jdk8u\hotspot\src\share\vm\classfile\systemDictionary.cpp, line 210]
Event: 6.363 Thread 0x000000001a18a000 Exception <a 'java/lang/ClassNotFoundException': org/gradle/api/tasks/DeleteBeanInfo> (0x00000000e0105080) thrown at [D:\src\AOSP-openjdk-cygwin\jdk8u\hotspot\src\share\vm\classfile\systemDictionary.cpp, line 210]
Event: 6.364 Thread 0x000000001a18a000 Exception <a 'java/lang/ClassNotFoundException': org/gradle/api/internal/ConventionTaskBeanInfo> (0x00000000e0137d88) thrown at [D:\src\AOSP-openjdk-cygwin\jdk8u\hotspot\src\share\vm\classfile\systemDictionary.cpp, line 210]
Event: 6.365 Thread 0x000000001a18a000 Exception <a 'java/lang/ClassNotFoundException': org/gradle/api/DefaultTaskBeanInfo> (0x00000000e0161ed0) thrown at [D:\src\AOSP-openjdk-cygwin\jdk8u\hotspot\src\share\vm\classfile\systemDictionary.cpp, line 210]
Event: 6.366 Thread 0x000000001a18a000 Exception <a 'java/lang/ClassNotFoundException': org/gradle/api/internal/AbstractTaskBeanInfo> (0x00000000e0193d68) thrown at [D:\src\AOSP-openjdk-cygwin\jdk8u\hotspot\src\share\vm\classfile\systemDictionary.cpp, line 210]
Event: 6.367 Thread 0x000000001a18a000 Exception <a 'java/lang/ClassNotFoundException': org/gradle/api/internal/AbstractTaskCustomizer> (0x00000000e02690b8) thrown at [D:\src\AOSP-openjdk-cygwin\jdk8u\hotspot\src\share\vm\classfile\systemDictionary.cpp, line 210]
Event: 6.370 Thread 0x000000001a18a000 Exception <a 'java/lang/ClassNotFoundException': org/gradle/api/DefaultTaskCustomizer> (0x00000000e02f4c08) thrown at [D:\src\AOSP-openjdk-cygwin\jdk8u\hotspot\src\share\vm\classfile\systemDictionary.cpp, line 210]
Event: 6.371 Thread 0x000000001a18a000 Exception <a 'java/lang/ClassNotFoundException': org/gradle/api/internal/ConventionTaskCustomizer> (0x00000000e0337248) thrown at [D:\src\AOSP-openjdk-cygwin\jdk8u\hotspot\src\share\vm\classfile\systemDictionary.cpp, line 210]

Events (10 events):
Event: 6.371 loading class org/gradle/api/internal/ConventionTaskCustomizer
Event: 6.371 loading class org/gradle/api/internal/ConventionTaskCustomizer done
Event: 6.371 loading class org/gradle/api/internal/ConventionTaskCustomizer
Event: 6.371 loading class org/gradle/api/internal/ConventionTaskCustomizer done
Event: 6.372 loading class org/gradle/api/tasks/DeleteCustomizer
Event: 6.372 loading class org/gradle/api/tasks/DeleteCustomizer done
Event: 6.372 loading class org/gradle/api/tasks/DeleteCustomizer
Event: 6.372 loading class org/gradle/api/tasks/DeleteCustomizer done
Event: 6.372 loading class org/gradle/api/tasks/DeleteCustomizer
Event: 6.372 loading class org/gradle/api/tasks/DeleteCustomizer done


Dynamic libraries:
0x00007ff7dfd00000 - 0x00007ff7dfd31000 	C:\Program Files\Android\Android Studio\jre\bin\java.exe
0x00007fff908c0000 - 0x00007fff90ab0000 	C:\WINDOWS\SYSTEM32\ntdll.dll
0x00007fff90250000 - 0x00007fff90302000 	C:\WINDOWS\System32\KERNEL32.DLL
0x00007fff8db20000 - 0x00007fff8ddc3000 	C:\WINDOWS\System32\KERNELBASE.dll
0x00007fff8fad0000 - 0x00007fff8fb73000 	C:\WINDOWS\System32\ADVAPI32.dll
0x00007fff90400000 - 0x00007fff9049e000 	C:\WINDOWS\System32\msvcrt.dll
0x00007fff8fca0000 - 0x00007fff8fd37000 	C:\WINDOWS\System32\sechost.dll
0x00007fff8fb80000 - 0x00007fff8fca0000 	C:\WINDOWS\System32\RPCRT4.dll
0x00007fff904a0000 - 0x00007fff90634000 	C:\WINDOWS\System32\USER32.dll
0x00007fff8e790000 - 0x00007fff8e7b1000 	C:\WINDOWS\System32\win32u.dll
0x00007fff8e9d0000 - 0x00007fff8e9f6000 	C:\WINDOWS\System32\GDI32.dll
0x00007fff8e550000 - 0x00007fff8e6e4000 	C:\WINDOWS\System32\gdi32full.dll
0x00007fff8e6f0000 - 0x00007fff8e78e000 	C:\WINDOWS\System32\msvcp_win.dll
0x00007fff8da20000 - 0x00007fff8db1a000 	C:\WINDOWS\System32\ucrtbase.dll
0x00007fff7e8a0000 - 0x00007fff7eb25000 	C:\WINDOWS\WinSxS\amd64_microsoft.windows.common-controls_6595b64144ccf1df_6.0.18362.778_none_e6c6b761130d4fb8\COMCTL32.dll
0x00007fff8fdb0000 - 0x00007fff900e6000 	C:\WINDOWS\System32\combase.dll
0x00007fff8d950000 - 0x00007fff8d9d0000 	C:\WINDOWS\System32\bcryptPrimitives.dll
0x00007fff8f570000 - 0x00007fff8f59e000 	C:\WINDOWS\System32\IMM32.DLL
0x0000000060e10000 - 0x0000000060ee2000 	C:\Program Files\Android\Android Studio\jre\jre\bin\msvcr100.dll
0x0000000060ef0000 - 0x0000000061736000 	C:\Program Files\Android\Android Studio\jre\jre\bin\server\jvm.dll
0x00007fff907f0000 - 0x00007fff907f8000 	C:\WINDOWS\System32\PSAPI.DLL
0x00007fff790e0000 - 0x00007fff790e9000 	C:\WINDOWS\SYSTEM32\WSOCK32.dll
0x00007fff898b0000 - 0x00007fff898d4000 	C:\WINDOWS\SYSTEM32\WINMM.dll
0x00007fff8fd40000 - 0x00007fff8fdaf000 	C:\WINDOWS\System32\WS2_32.dll
0x00007fff88da0000 - 0x00007fff88daa000 	C:\WINDOWS\SYSTEM32\VERSION.dll
0x00007fff89880000 - 0x00007fff898ad000 	C:\WINDOWS\SYSTEM32\WINMMBASE.dll
0x00007fff8d9d0000 - 0x00007fff8da1a000 	C:\WINDOWS\System32\cfgmgr32.dll
0x00007fff89610000 - 0x00007fff8961f000 	C:\Program Files\Android\Android Studio\jre\jre\bin\verify.dll
0x00007fff81ea0000 - 0x00007fff81ec9000 	C:\Program Files\Android\Android Studio\jre\jre\bin\java.dll
0x00007fff7f2a0000 - 0x00007fff7f2b6000 	C:\Program Files\Android\Android Studio\jre\jre\bin\zip.dll
0x00007fff8ea00000 - 0x00007fff8f0e5000 	C:\WINDOWS\System32\SHELL32.dll
0x00007fff8f150000 - 0x00007fff8f1f9000 	C:\WINDOWS\System32\shcore.dll
0x00007fff8ddd0000 - 0x00007fff8e550000 	C:\WINDOWS\System32\windows.storage.dll
0x00007fff8d820000 - 0x00007fff8d843000 	C:\WINDOWS\System32\profapi.dll
0x00007fff8d790000 - 0x00007fff8d7da000 	C:\WINDOWS\System32\powrprof.dll
0x00007fff8d780000 - 0x00007fff8d790000 	C:\WINDOWS\System32\UMPDC.dll
0x00007fff8e970000 - 0x00007fff8e9c2000 	C:\WINDOWS\System32\shlwapi.dll
0x00007fff8d800000 - 0x00007fff8d811000 	C:\WINDOWS\System32\kernel.appcore.dll
0x00007fff8d850000 - 0x00007fff8d867000 	C:\WINDOWS\System32\cryptsp.dll
0x00007fff7f220000 - 0x00007fff7f23a000 	C:\Program Files\Android\Android Studio\jre\jre\bin\net.dll
0x00007fff811c0000 - 0x00007fff81395000 	C:\WINDOWS\SYSTEM32\urlmon.dll
0x00007fff816d0000 - 0x00007fff81976000 	C:\WINDOWS\SYSTEM32\iertutil.dll
0x00007fff8d1c0000 - 0x00007fff8d1cc000 	C:\WINDOWS\SYSTEM32\CRYPTBASE.DLL
0x00007fff8cff0000 - 0x00007fff8d057000 	C:\WINDOWS\system32\mswsock.dll
0x00007fff7d7e0000 - 0x00007fff7d7f3000 	C:\Program Files\Android\Android Studio\jre\jre\bin\nio.dll
0x00007fff6be20000 - 0x00007fff6be46000 	C:\Users\Caroline\.gradle\native\30\windows-amd64\native-platform.dll
0x00007fff885e0000 - 0x00007fff885ed000 	C:\Program Files\Android\Android Studio\jre\jre\bin\management.dll
0x00007fff8cb60000 - 0x00007fff8cb93000 	C:\WINDOWS\system32\rsaenh.dll
0x00007fff8d920000 - 0x00007fff8d946000 	C:\WINDOWS\System32\bcrypt.dll
0x00007fff8d6a0000 - 0x00007fff8d6c5000 	C:\WINDOWS\SYSTEM32\USERENV.dll
0x00007fff8cd00000 - 0x00007fff8cd3a000 	C:\WINDOWS\SYSTEM32\IPHLPAPI.DLL
0x00007fff8f5a0000 - 0x00007fff8f5a8000 	C:\WINDOWS\System32\NSI.dll
0x00007fff80830000 - 0x00007fff80846000 	C:\WINDOWS\SYSTEM32\dhcpcsvc6.DLL
0x00007fff80900000 - 0x00007fff8091c000 	C:\WINDOWS\SYSTEM32\dhcpcsvc.DLL
0x00007fff8cd40000 - 0x00007fff8ce0a000 	C:\WINDOWS\SYSTEM32\DNSAPI.dll

VM Arguments:
jvm_args: -Xmx1536m -Dfile.encoding=windows-1252 -Duser.country=FR -Duser.language=fr -Duser.variant 
java_command: org.gradle.launcher.daemon.bootstrap.GradleDaemon 5.6.4
java_class_path (initial): C:\Users\Caroline\.gradle\wrapper\dists\gradle-5.6.4-all\ankdp27end7byghfw1q2sw75f\gradle-5.6.4\lib\gradle-launcher-5.6.4.jar
Launcher Type: SUN_STANDARD

Environment Variables:
PATH=C:\ProgramData\Oracle\Java\javapath;C:\Program Files (x86)\Intel\iCLS Client\;C:\Program Files\Intel\iCLS Client\;C:\Windows\system32;C:\Windows;C:\Windows\System32\Wbem;C:\Windows\System32\WindowsPowerShell\v1.0\;C:\Program Files\Intel\Intel(R) Management Engine Components\DAL;C:\Program Files\Intel\Intel(R) Management Engine Components\IPT;C:\Program Files (x86)\Intel\Intel(R) Management Engine Components\DAL;C:\Program Files (x86)\Intel\Intel(R) Management Engine Components\IPT;C:\Program Files (x86)\CodeBlocks\MinGW\bin;C:\Program Files (x86)\IVI Foundation\IVI\bin;C:\Program Files\IVI Foundation\IVI\bin;C:\Program Files (x86)\IVI Foundation\VISA\WinNT\Bin\;C:\Program Files\IVI Foundation\VISA\Win64\Bin\;C:\Program Files (x86)\IVI Foundation\VISA\WinNT\Bin;C:\Program Files (x86)\NVIDIA Corporation\PhysX\Common;C:\Program Files\Intel\WiFi\bin\;C:\Program Files\Common Files\Intel\WirelessCommon\;C:\WINDOWS\system32;C:\WINDOWS;C:\WINDOWS\System32\Wbem;C:\WINDOWS\System32\WindowsPowerShell\v1.0\;C:\WINDOWS\System32\OpenSSH\;C:\Program Files\MATLAB\R2019a\runtime\win64;C:\Program Files\MATLAB\R2019a\bin;C:\Program Files\NVIDIA Corporation\NVIDIA NvDLISR;C:\Program Files\Git\cmd;C:\Users\Caroline\AppData\Roaming\Quest Software\vWorkspace Client\;C:\Users\Caroline\AppData\Roaming\Dashlane\4.6.5.21982\bin\Firefox_Extension\{442718d9-475e-452a-b3e1-fb1ee16b8e9f}\components;C:\Users\Caroline\AppData\Roaming\Dashlane\4.6.6.23032\bin\Firefox_Extension\{442718d9-475e-452a-b3e1-fb1ee16b8e9f}\components;C:\Users\Caroline\AppData\Local\Microsoft\WindowsApps;C:\Users\Caroline\AppData\Roaming\Dashlane\6.1907.0.17833\bin\Firefox_Extension\{442718d9-475e-452a-b3e1-fb1ee16b8e9f}\components;C:\Users\Caroline\AppData\Roaming\Dashlane\6.1907.0.17833\ucrt;C:\Users\Caroline\AppData\Roaming\Dashlane\6.1907.0.17833\bin\Qt;C:\Users\Caroline\AppData\Roaming\Dashlane\6.1907.0.17833\bin\Ssl
USERNAME=Caroline
OS=Windows_NT
PROCESSOR_IDENTIFIER=Intel64 Family 6 Model 69 Stepping 1, GenuineIntel



---------------  S Y S T E M  ---------------

OS: Windows 10.0 , 64 bit Build 18362 (10.0.18362.778)

CPU:total 4 (initial active 4) (2 cores per cpu, 2 threads per core) family 6 model 69 stepping 1, cmov, cx8, fxsr, mmx, sse, sse2, sse3, ssse3, sse4.1, sse4.2, popcnt, avx, avx2, aes, clmul, erms, lzcnt, ht, tsc, tscinvbit, bmi1, bmi2

Memory: 4k page, physical 8274856k(940584k free), swap 10226600k(5140k free)

vm_info: OpenJDK 64-Bit Server VM (25.212-b04) for windows-amd64 JRE (1.8.0_212-release-1586-b04), built by "builder" with MS VC++ 10.0 (VS2010)

time: Fri Apr 24 11:48:49 2020
timezone: Paris, Madrid (heure d’été)
elapsed time: 6 seconds (0d 0h 0m 6s)

