#
# There is insufficient memory for the Java Runtime Environment to continue.
# Native memory allocation (malloc) failed to allocate 32744 bytes for ChunkPool::allocate
# Possible reasons:
#   The system is out of physical RAM or swap space
#   The process is running with CompressedOops enabled, and the Java Heap may be blocking the growth of the native heap
# Possible solutions:
#   Reduce memory load on the system
#   Increase physical memory or swap space
#   Check if swap backing store is full
#   Decrease Java heap size (-Xmx/-Xms)
#   Decrease number of Java threads
#   Decrease Java thread stack sizes (-Xss)
#   Set larger code cache with -XX:ReservedCodeCacheSize=
#   JVM is running with Unscaled Compressed Oops mode in which the Java heap is
#     placed in the first 4GB address space. The Java Heap base address is the
#     maximum limit for the native heap growth. Please use -XX:HeapBaseMinAddress
#     to set the Java Heap base and to place the Java Heap above 4GB virtual address.
# This output file may be truncated or incomplete.
#
#  Out of Memory Error (allocation.cpp:272), pid=13056, tid=0x000000000000364c
#
# JRE version: OpenJDK Runtime Environment (8.0_212-b04) (build 1.8.0_212-release-1586-b04)
# Java VM: OpenJDK 64-Bit Server VM (25.212-b04 mixed mode windows-amd64 compressed oops)
# Failed to write core dump. Minidumps are not enabled by default on client versions of Windows
#

---------------  T H R E A D  ---------------

Current thread (0x0000000016d96000):  JavaThread "C2 CompilerThread1" daemon [_thread_in_native, id=13900, stack(0x0000000018510000,0x0000000018610000)]

Stack: [0x0000000018510000,0x0000000018610000]
[error occurred during error reporting (printing stack bounds), id 0xc0000005]

Native frames: (J=compiled Java code, j=interpreted, Vv=VM code, C=native code)


Current CompileTask:
C2: 312484 23764  s    4       java.lang.reflect.Field::declaredAnnotations (59 bytes)


---------------  P R O C E S S  ---------------

Java Threads: ( => current thread )
  0x000000002564f000 JavaThread "stdout" [_thread_in_native, id=7864, stack(0x000000002c650000,0x000000002c750000)]
  0x0000000025650000 JavaThread "stderr" [_thread_in_native, id=12944, stack(0x000000002bf40000,0x000000002c040000)]
  0x0000000025655000 JavaThread "pool-13-thread-1" [_thread_blocked, id=14852, stack(0x000000002be40000,0x000000002bf40000)]
  0x0000000025653800 JavaThread "WorkerExecutor Queue Thread 2" [_thread_blocked, id=10212, stack(0x000000002bd40000,0x000000002be40000)]
  0x0000000025654800 JavaThread "WorkerExecutor Queue" [_thread_blocked, id=10704, stack(0x0000000027c40000,0x0000000027d40000)]
  0x0000000025653000 JavaThread "Cache worker for execution history cache (C:\Users\Caroline\Desktop\ethz\3D_vision\fixing-ar\fixing-ar\.gradle\5.6.4\executionHistory)" [_thread_blocked, id=2020, stack(0x0000000027b40000,0x0000000027c40000)]
  0x0000000025656000 JavaThread "Execution worker for ':' Thread 3" [_thread_blocked, id=11060, stack(0x0000000027a40000,0x0000000027b40000)]
  0x000000001e861800 JavaThread "Execution worker for ':' Thread 2" [_thread_blocked, id=6584, stack(0x0000000026d40000,0x0000000026e40000)]
  0x000000001e862800 JavaThread "Execution worker for ':'" [_thread_blocked, id=15080, stack(0x0000000026c40000,0x0000000026d40000)]
  0x000000001e85f800 JavaThread "Cache worker for file content cache (C:\Users\Caroline\Desktop\ethz\3D_vision\fixing-ar\fixing-ar\.gradle\5.6.4\fileContent)" [_thread_blocked, id=3600, stack(0x0000000026b40000,0x0000000026c40000)]
  0x000000001e85e800 JavaThread "Cache worker for Build Output Cleanup Cache (C:\Users\Caroline\Desktop\ethz\3D_vision\fixing-ar\fixing-ar\.gradle\buildOutputCleanup)" [_thread_blocked, id=2964, stack(0x0000000023320000,0x0000000023420000)]
  0x000000001e857000 JavaThread "Build operations Thread 4" [_thread_blocked, id=6808, stack(0x0000000021180000,0x0000000021280000)]
  0x000000001e85e000 JavaThread "Build operations Thread 3" [_thread_blocked, id=1084, stack(0x000000001f760000,0x000000001f860000)]
  0x000000001e856800 JavaThread "Build operations Thread 2" [_thread_blocked, id=3852, stack(0x000000001f000000,0x000000001f100000)]
  0x000000001e85d000 JavaThread "Build operations" [_thread_blocked, id=7828, stack(0x000000001ed00000,0x000000001ee00000)]
  0x000000001e855800 JavaThread "Cache worker for cache directory md-rule (C:\Users\Caroline\.gradle\caches\5.6.4\md-rule)" [_thread_blocked, id=15252, stack(0x000000001c660000,0x000000001c760000)]
  0x000000001e858000 JavaThread "Cache worker for cache directory md-supplier (C:\Users\Caroline\.gradle\caches\5.6.4\md-supplier)" [_thread_blocked, id=15180, stack(0x000000001c560000,0x000000001c660000)]
  0x000000001e85c800 JavaThread "Cache worker for file hash cache (C:\Users\Caroline\Desktop\ethz\3D_vision\fixing-ar\fixing-ar\.gradle\5.6.4\fileHashes)" [_thread_blocked, id=9788, stack(0x000000001c460000,0x000000001c560000)]
  0x000000001e85b800 JavaThread "Thread-110" [_thread_blocked, id=16364, stack(0x000000001c360000,0x000000001c460000)]
  0x000000001e853800 JavaThread "Stdin handler" [_thread_blocked, id=8212, stack(0x000000001c260000,0x000000001c360000)]
  0x000000001daba000 JavaThread "Asynchronous log dispatcher for DefaultDaemonConnection: socket connection from /127.0.0.1:58869 to /127.0.0.1:59054" [_thread_blocked, id=3184, stack(0x000000001bf60000,0x000000001c060000)]
  0x000000001daba800 JavaThread "Cancel handler" [_thread_blocked, id=14916, stack(0x0000000001770000,0x0000000001870000)]
  0x000000001dabb800 JavaThread "Handler for socket connection from /127.0.0.1:58869 to /127.0.0.1:59054" [_thread_in_native, id=15112, stack(0x0000000001670000,0x0000000001770000)]
  0x000000001dab9000 JavaThread "Exec process Thread 18" [_thread_blocked, id=15348, stack(0x0000000027940000,0x0000000027a40000)]
  0x000000001dab1800 JavaThread "Exec process Thread 17" [_thread_blocked, id=15888, stack(0x0000000027840000,0x0000000027940000)]
  0x000000001dab8800 JavaThread "Exec process Thread 16" [_thread_blocked, id=14264, stack(0x0000000027740000,0x0000000027840000)]
  0x000000001dab7800 JavaThread "Exec process Thread 15" [_thread_blocked, id=5152, stack(0x0000000027640000,0x0000000027740000)]
  0x000000001dab0000 JavaThread "Exec process Thread 14" [_thread_blocked, id=1028, stack(0x0000000027540000,0x0000000027640000)]
  0x000000001dab7000 JavaThread "Exec process Thread 13" [_thread_in_native, id=11084, stack(0x0000000027440000,0x0000000027540000)]
  0x000000001dab2800 JavaThread "Exec process Thread 12" [_thread_in_native, id=5940, stack(0x0000000027340000,0x0000000027440000)]
  0x000000001daaf800 JavaThread "Exec process Thread 11" [_thread_blocked, id=15032, stack(0x0000000027040000,0x0000000027140000)]
  0x000000001dab6000 JavaThread "Exec process Thread 10" [_thread_in_native, id=10260, stack(0x0000000026f40000,0x0000000027040000)]
  0x000000001daae800 JavaThread "Exec process Thread 9" [_thread_blocked, id=364, stack(0x0000000026a40000,0x0000000026b40000)]
  0x000000001dab1000 JavaThread "Exec process Thread 8" [_thread_blocked, id=10848, stack(0x0000000026940000,0x0000000026a40000)]
  0x000000001dab5800 JavaThread "Exec process Thread 7" [_thread_blocked, id=5548, stack(0x0000000026840000,0x0000000026940000)]
  0x000000001daae000 JavaThread "pool-10-thread-4" [_thread_blocked, id=7116, stack(0x0000000026740000,0x0000000026840000)]
  0x000000001daac800 JavaThread "pool-10-thread-3" [_thread_blocked, id=7488, stack(0x0000000026040000,0x0000000026140000)]
  0x000000001dab3000 JavaThread "pool-10-thread-2" [_thread_blocked, id=2664, stack(0x0000000024f40000,0x0000000025040000)]
  0x000000001e860000 JavaThread "pool-10-thread-1" [_thread_blocked, id=11500, stack(0x0000000024e40000,0x0000000024f40000)]
  0x0000000025650800 JavaThread "Cache worker for Java compile cache (C:\Users\Caroline\.gradle\caches\5.6.4\javaCompile)" [_thread_blocked, id=11480, stack(0x0000000029be0000,0x0000000029ce0000)]
  0x000000001e861000 JavaThread "Cache worker for file content cache (C:\Users\Caroline\.gradle\caches\5.6.4\fileContent)" [_thread_blocked, id=11544, stack(0x00000000240f0000,0x00000000241f0000)]
  0x000000001e85a000 JavaThread "Daemon worker Thread 2" [_thread_blocked, id=5916, stack(0x000000001be60000,0x000000001bf60000)]
  0x000000001e855000 JavaThread "Daemon Thread 2" [_thread_blocked, id=3944, stack(0x0000000001570000,0x0000000001670000)]
  0x000000001e858800 JavaThread "Memory manager" [_thread_blocked, id=14772, stack(0x0000000023220000,0x0000000023320000)]
  0x000000001a2c6000 JavaThread "Cache worker for execution history cache (C:\Users\Caroline\.gradle\caches\5.6.4\executionHistory)" [_thread_blocked, id=2344, stack(0x0000000020a80000,0x0000000020b80000)]
  0x000000001a2c7000 JavaThread "Cache worker for journal cache (C:\Users\Caroline\.gradle\caches\journal-1)" [_thread_blocked, id=9064, stack(0x000000001cb60000,0x000000001cc60000)]
  0x000000001a2c8800 JavaThread "File lock request listener" [_thread_in_native, id=4596, stack(0x000000001ca60000,0x000000001cb60000)]
  0x000000001a72c000 JavaThread "Cache worker for file hash cache (C:\Users\Caroline\.gradle\caches\5.6.4\fileHashes)" [_thread_blocked, id=15700, stack(0x000000001c960000,0x000000001ca60000)]
  0x0000000018daf800 JavaThread "Daemon periodic checks" [_thread_blocked, id=1796, stack(0x000000001bd60000,0x000000001be60000)]
  0x0000000018dae800 JavaThread "Incoming local TCP Connector on port 58869" [_thread_in_native, id=11936, stack(0x000000001baf0000,0x000000001bbf0000)]
  0x0000000018ad0800 JavaThread "Daemon health stats" [_thread_blocked, id=9432, stack(0x000000001b4b0000,0x000000001b5b0000)]
  0x0000000018731000 JavaThread "Service Thread" daemon [_thread_blocked, id=13456, stack(0x0000000018b10000,0x0000000018c10000)]
  0x0000000016dbb800 JavaThread "C1 CompilerThread2" daemon [_thread_blocked, id=14664, stack(0x0000000018610000,0x0000000018710000)]
=>0x0000000016d96000 JavaThread "C2 CompilerThread1" daemon [_thread_in_native, id=13900, stack(0x0000000018510000,0x0000000018610000)]
  0x0000000016d8f800 JavaThread "C2 CompilerThread0" daemon [_thread_blocked, id=3020, stack(0x0000000018410000,0x0000000018510000)]
  0x0000000016d8e000 JavaThread "Attach Listener" daemon [_thread_blocked, id=6612, stack(0x0000000018310000,0x0000000018410000)]
  0x0000000016d8d000 JavaThread "Signal Dispatcher" daemon [_thread_blocked, id=1120, stack(0x0000000018210000,0x0000000018310000)]
  0x0000000016d7a000 JavaThread "Finalizer" daemon [_thread_blocked, id=6636, stack(0x0000000017fe0000,0x00000000180e0000)]
  0x0000000016d79800 JavaThread "Reference Handler" daemon [_thread_blocked, id=6568, stack(0x0000000017ee0000,0x0000000017fe0000)]
  0x0000000003322800 JavaThread "main" [_thread_blocked, id=16216, stack(0x0000000003220000,0x0000000003320000)]

Other Threads:
  0x0000000016d56000 VMThread [stack: 0x0000000017de0000,0x0000000017ee0000] [id=2888]
  0x0000000016dec800 WatcherThread [stack: 0x0000000018c10000,0x0000000018d10000] [id=1380]

VM state:not at safepoint (normal execution)

VM Mutex/Monitor currently owned by a thread: None

heap address: 0x00000000a0000000, size: 1536 MB, Compressed Oops mode: 32-bit
Narrow klass base: 0x0000000000000000, Narrow klass shift: 3
Compressed class space size: 1073741824 Address: 0x0000000100000000

Heap:
 PSYoungGen      total 413696K, used 201193K [0x00000000e0000000, 0x00000000fe500000, 0x0000000100000000)
  eden space 372224K, 54% used [0x00000000e0000000,0x00000000ec47a748,0x00000000f6b80000)
  from space 41472K, 0% used [0x00000000f6b80000,0x00000000f6b80000,0x00000000f9400000)
  to   space 47616K, 0% used [0x00000000fb680000,0x00000000fb680000,0x00000000fe500000)
 ParOldGen       total 377856K, used 183901K [0x00000000a0000000, 0x00000000b7100000, 0x00000000e0000000)
  object space 377856K, 48% used [0x00000000a0000000,0x00000000ab3976e8,0x00000000b7100000)
 Metaspace       used 106225K, capacity 112712K, committed 113048K, reserved 1146880K
  class space    used 13649K, capacity 14913K, committed 15016K, reserved 1048576K

Card table byte_map: [0x00000000127e0000,0x0000000012af0000] byte_map_base: 0x00000000122e0000

Marking Bits: (ParMarkBitMap*) 0x0000000060659f30
 Begin Bits: [0x00000000130f0000, 0x00000000148f0000)
 End Bits:   [0x00000000148f0000, 0x00000000160f0000)

Polling page: 0x0000000003060000

CodeCache: size=245760Kb used=65166Kb max_used=65254Kb free=180593Kb
 bounds [0x0000000003420000, 0x0000000007430000, 0x0000000012420000]
 total_blobs=20307 nmethods=19378 adapters=840
 compilation: enabled

Compilation events (10 events):
Event: 311.760 Thread 0x0000000016dbb800 23769       3       com.google.common.base.CaseFormat::normalizeFirstWord (20 bytes)
Event: 311.760 Thread 0x0000000016dbb800 nmethod 23769 0x000000000740aa90 code [0x000000000740ac00, 0x000000000740ae98]
Event: 311.765 Thread 0x0000000016dbb800 23770       3       org.gradle.api.internal.provider.AbstractProperty::implicitFinalizeValue (6 bytes)
Event: 311.765 Thread 0x0000000016dbb800 nmethod 23770 0x0000000003ed8750 code [0x0000000003ed88a0, 0x0000000003ed89f0]
Event: 311.777 Thread 0x0000000016dbb800 23771       3       com.android.build.gradle.internal.cxx.logging.LoggingEnvironmentKt::infoln (24 bytes)
Event: 311.779 Thread 0x0000000016dbb800 nmethod 23771 0x00000000074149d0 code [0x0000000007414c40, 0x0000000007415948]
Event: 311.782 Thread 0x0000000016dbb800 23772   !   3       com.android.build.gradle.internal.cxx.logging.LoggingEnvironmentKt::checkedFormat (161 bytes)
Event: 311.786 Thread 0x0000000016dbb800 nmethod 23772 0x000000000508c850 code [0x000000000508cc80, 0x000000000508ef38]
Event: 311.789 Thread 0x0000000016dbb800 23773       3       com.android.build.gradle.internal.cxx.logging.LoggingMessage::<init> (36 bytes)
Event: 311.789 Thread 0x0000000016dbb800 nmethod 23773 0x00000000074144d0 code [0x0000000007414640, 0x0000000007414868]

GC Heap History (10 events):
Event: 202.660 GC heap before
{Heap before GC invocations=38 (full 4):
 PSYoungGen      total 349696K, used 308668K [0x00000000e0000000, 0x00000000fa300000, 0x0000000100000000)
  eden space 306176K, 100% used [0x00000000e0000000,0x00000000f2b00000,0x00000000f2b00000)
  from space 43520K, 5% used [0x00000000f2b00000,0x00000000f2d6f300,0x00000000f5580000)
  to   space 42496K, 0% used [0x00000000f7980000,0x00000000f7980000,0x00000000fa300000)
 ParOldGen       total 202752K, used 86315K [0x00000000a0000000, 0x00000000ac600000, 0x00000000e0000000)
  object space 202752K, 42% used [0x00000000a0000000,0x00000000a544ad40,0x00000000ac600000)
 Metaspace       used 100142K, capacity 105024K, committed 105496K, reserved 1140736K
  class space    used 12923K, capacity 13913K, committed 14120K, reserved 1048576K
Event: 202.707 GC heap after
Heap after GC invocations=38 (full 4):
 PSYoungGen      total 381440K, used 23770K [0x00000000e0000000, 0x00000000fa180000, 0x0000000100000000)
  eden space 340480K, 0% used [0x00000000e0000000,0x00000000e0000000,0x00000000f4c80000)
  from space 40960K, 58% used [0x00000000f7980000,0x00000000f90b6b58,0x00000000fa180000)
  to   space 43520K, 0% used [0x00000000f4c80000,0x00000000f4c80000,0x00000000f7700000)
 ParOldGen       total 202752K, used 86677K [0x00000000a0000000, 0x00000000ac600000, 0x00000000e0000000)
  object space 202752K, 42% used [0x00000000a0000000,0x00000000a54a5418,0x00000000ac600000)
 Metaspace       used 100142K, capacity 105024K, committed 105496K, reserved 1140736K
  class space    used 12923K, capacity 13913K, committed 14120K, reserved 1048576K
}
Event: 211.806 GC heap before
{Heap before GC invocations=39 (full 4):
 PSYoungGen      total 381440K, used 364250K [0x00000000e0000000, 0x00000000fa180000, 0x0000000100000000)
  eden space 340480K, 100% used [0x00000000e0000000,0x00000000f4c80000,0x00000000f4c80000)
  from space 40960K, 58% used [0x00000000f7980000,0x00000000f90b6b58,0x00000000fa180000)
  to   space 43520K, 0% used [0x00000000f4c80000,0x00000000f4c80000,0x00000000f7700000)
 ParOldGen       total 202752K, used 86677K [0x00000000a0000000, 0x00000000ac600000, 0x00000000e0000000)
  object space 202752K, 42% used [0x00000000a0000000,0x00000000a54a5418,0x00000000ac600000)
 Metaspace       used 101840K, capacity 106986K, committed 107160K, reserved 1142784K
  class space    used 13100K, capacity 14128K, committed 14248K, reserved 1048576K
Event: 211.916 GC heap after
Heap after GC invocations=39 (full 4):
 PSYoungGen      total 384000K, used 23432K [0x00000000e0000000, 0x00000000fc580000, 0x0000000100000000)
  eden space 340480K, 0% used [0x00000000e0000000,0x00000000e0000000,0x00000000f4c80000)
  from space 43520K, 53% used [0x00000000f4c80000,0x00000000f63620f8,0x00000000f7700000)
  to   space 44544K, 0% used [0x00000000f9a00000,0x00000000f9a00000,0x00000000fc580000)
 ParOldGen       total 202752K, used 86677K [0x00000000a0000000, 0x00000000ac600000, 0x00000000e0000000)
  object space 202752K, 42% used [0x00000000a0000000,0x00000000a54a5418,0x00000000ac600000)
 Metaspace       used 101840K, capacity 106986K, committed 107160K, reserved 1142784K
  class space    used 13100K, capacity 14128K, committed 14248K, reserved 1048576K
}
Event: 216.520 GC heap before
{Heap before GC invocations=40 (full 4):
 PSYoungGen      total 384000K, used 363912K [0x00000000e0000000, 0x00000000fc580000, 0x0000000100000000)
  eden space 340480K, 100% used [0x00000000e0000000,0x00000000f4c80000,0x00000000f4c80000)
  from space 43520K, 53% used [0x00000000f4c80000,0x00000000f63620f8,0x00000000f7700000)
  to   space 44544K, 0% used [0x00000000f9a00000,0x00000000f9a00000,0x00000000fc580000)
 ParOldGen       total 202752K, used 86677K [0x00000000a0000000, 0x00000000ac600000, 0x00000000e0000000)
  object space 202752K, 42% used [0x00000000a0000000,0x00000000a54a5418,0x00000000ac600000)
 Metaspace       used 102265K, capacity 107442K, committed 107672K, reserved 1142784K
  class space    used 13143K, capacity 14204K, committed 14248K, reserved 1048576K
Event: 216.564 GC heap after
Heap after GC invocations=40 (full 4):
 PSYoungGen      total 407552K, used 15231K [0x00000000e0000000, 0x00000000fbc80000, 0x0000000100000000)
  eden space 372224K, 0% used [0x00000000e0000000,0x00000000e0000000,0x00000000f6b80000)
  from space 35328K, 43% used [0x00000000f9a00000,0x00000000fa8dfcf8,0x00000000fbc80000)
  to   space 41472K, 0% used [0x00000000f6b80000,0x00000000f6b80000,0x00000000f9400000)
 ParOldGen       total 202752K, used 86701K [0x00000000a0000000, 0x00000000ac600000, 0x00000000e0000000)
  object space 202752K, 42% used [0x00000000a0000000,0x00000000a54ab418,0x00000000ac600000)
 Metaspace       used 102265K, capacity 107442K, committed 107672K, reserved 1142784K
  class space    used 13143K, capacity 14204K, committed 14248K, reserved 1048576K
}
Event: 286.488 GC heap before
{Heap before GC invocations=41 (full 4):
 PSYoungGen      total 407552K, used 387455K [0x00000000e0000000, 0x00000000fbc80000, 0x0000000100000000)
  eden space 372224K, 100% used [0x00000000e0000000,0x00000000f6b80000,0x00000000f6b80000)
  from space 35328K, 43% used [0x00000000f9a00000,0x00000000fa8dfcf8,0x00000000fbc80000)
  to   space 41472K, 0% used [0x00000000f6b80000,0x00000000f6b80000,0x00000000f9400000)
 ParOldGen       total 202752K, used 86701K [0x00000000a0000000, 0x00000000ac600000, 0x00000000e0000000)
  object space 202752K, 42% used [0x00000000a0000000,0x00000000a54ab418,0x00000000ac600000)
 Metaspace       used 104958K, capacity 110680K, committed 111000K, reserved 1144832K
  class space    used 13499K, capacity 14651K, committed 14760K, reserved 1048576K
Event: 286.609 GC heap after
Heap after GC invocations=41 (full 4):
 PSYoungGen      total 413696K, used 38277K [0x00000000e0000000, 0x00000000fe500000, 0x0000000100000000)
  eden space 372224K, 0% used [0x00000000e0000000,0x00000000e0000000,0x00000000f6b80000)
  from space 41472K, 92% used [0x00000000f6b80000,0x00000000f90e14b0,0x00000000f9400000)
  to   space 47616K, 0% used [0x00000000fb680000,0x00000000fb680000,0x00000000fe500000)
 ParOldGen       total 202752K, used 185254K [0x00000000a0000000, 0x00000000ac600000, 0x00000000e0000000)
  object space 202752K, 91% used [0x00000000a0000000,0x00000000ab4e9838,0x00000000ac600000)
 Metaspace       used 104958K, capacity 110680K, committed 111000K, reserved 1144832K
  class space    used 13499K, capacity 14651K, committed 14760K, reserved 1048576K
}
Event: 286.609 GC heap before
{Heap before GC invocations=42 (full 5):
 PSYoungGen      total 413696K, used 38277K [0x00000000e0000000, 0x00000000fe500000, 0x0000000100000000)
  eden space 372224K, 0% used [0x00000000e0000000,0x00000000e0000000,0x00000000f6b80000)
  from space 41472K, 92% used [0x00000000f6b80000,0x00000000f90e14b0,0x00000000f9400000)
  to   space 47616K, 0% used [0x00000000fb680000,0x00000000fb680000,0x00000000fe500000)
 ParOldGen       total 202752K, used 185254K [0x00000000a0000000, 0x00000000ac600000, 0x00000000e0000000)
  object space 202752K, 91% used [0x00000000a0000000,0x00000000ab4e9838,0x00000000ac600000)
 Metaspace       used 104958K, capacity 110680K, committed 111000K, reserved 1144832K
  class space    used 13499K, capacity 14651K, committed 14760K, reserved 1048576K
Event: 287.004 GC heap after
Heap after GC invocations=42 (full 5):
 PSYoungGen      total 413696K, used 0K [0x00000000e0000000, 0x00000000fe500000, 0x0000000100000000)
  eden space 372224K, 0% used [0x00000000e0000000,0x00000000e0000000,0x00000000f6b80000)
  from space 41472K, 0% used [0x00000000f6b80000,0x00000000f6b80000,0x00000000f9400000)
  to   space 47616K, 0% used [0x00000000fb680000,0x00000000fb680000,0x00000000fe500000)
 ParOldGen       total 377856K, used 183901K [0x00000000a0000000, 0x00000000b7100000, 0x00000000e0000000)
  object space 377856K, 48% used [0x00000000a0000000,0x00000000ab3976e8,0x00000000b7100000)
 Metaspace       used 104953K, capacity 110666K, committed 111000K, reserved 1144832K
  class space    used 13497K, capacity 14648K, committed 14760K, reserved 1048576K
}

Deoptimization events (10 events):
Event: 291.796 Thread 0x000000001e85a000 Uncommon trap: reason=class_check action=maybe_recompile pc=0x0000000006b4b16c method=java.util.stream.ReduceOps$2ReducingSink.accept(Ljava/lang/Object;)V @ 30
Event: 291.907 Thread 0x000000001e85a000 Uncommon trap: reason=unstable_if action=reinterpret pc=0x000000000527f250 method=java.io.ObjectOutputStream$BlockDataOutputStream.writeShort(I)V @ 9
Event: 291.907 Thread 0x000000001e85a000 Uncommon trap: reason=bimorphic action=maybe_recompile pc=0x00000000039beadc method=java.io.DataOutputStream.writeShort(I)V @ 12
Event: 299.667 Thread 0x000000001dabb800 Uncommon trap: reason=class_check action=maybe_recompile pc=0x000000000446a9a0 method=java.lang.reflect.Array.newInstance(Ljava/lang/Class;I)Ljava/lang/Object; @ 2
Event: 299.986 Thread 0x000000001e85a000 Uncommon trap: reason=class_check action=maybe_recompile pc=0x00000000069d35b0 method=org.gradle.internal.work.DefaultWorkerLeaseService$DefaultWorkerLease.acquireLock()Z @ 4
Event: 300.412 Thread 0x000000001daba000 Uncommon trap: reason=unstable_if action=reinterpret pc=0x00000000040aea38 method=com.esotericsoftware.kryo.io.Output.writeVarLong(JZ)I @ 55
Event: 300.684 Thread 0x0000000025656000 Uncommon trap: reason=predicate action=maybe_recompile pc=0x0000000006d3c2ec method=java.lang.String.regionMatches(ZILjava/lang/String;II)Z @ 63
Event: 301.935 Thread 0x0000000025656000 Uncommon trap: reason=unstable_if action=reinterpret pc=0x0000000006cad474 method=org.gradle.api.internal.changedetection.state.CachingFileHasher.snapshot(Ljava/io/File;JJ)Lorg/gradle/api/internal/changedetection/state/CachingFileHasher$FileInfo; @ 59
Event: 301.936 Thread 0x0000000025656000 Uncommon trap: reason=unstable_if action=reinterpret pc=0x0000000006c79a6c method=org.gradle.api.internal.changedetection.state.CachingFileHasher.snapshot(Ljava/io/File;JJ)Lorg/gradle/api/internal/changedetection/state/CachingFileHasher$FileInfo; @ 59
Event: 302.627 Thread 0x000000001e862800 Uncommon trap: reason=unstable_if action=reinterpret pc=0x000000000461d770 method=org.gradle.internal.snapshot.impl.AbstractScalarValueSnapshot.equals(Ljava/lang/Object;)Z @ 19

Classes redefined (0 events):
No events

Internal exceptions (10 events):
Event: 299.964 Thread 0x000000001e85a000 Exception <a 'java/lang/NoSuchMethodError': <clinit>> (0x00000000e6422468) thrown at [D:\src\AOSP-openjdk-cygwin\jdk8u\hotspot\src\share\vm\prims\jni.cpp, line 1614]
Event: 299.984 Thread 0x000000001e85a000 Exception <a 'java/lang/NoSuchMethodError': <clinit>> (0x00000000e653e908) thrown at [D:\src\AOSP-openjdk-cygwin\jdk8u\hotspot\src\share\vm\prims\jni.cpp, line 1614]
Event: 299.984 Thread 0x000000001e85a000 Exception <a 'java/lang/NoSuchMethodError': <clinit>> (0x00000000e6542a28) thrown at [D:\src\AOSP-openjdk-cygwin\jdk8u\hotspot\src\share\vm\prims\jni.cpp, line 1614]
Event: 299.984 Thread 0x000000001e85a000 Exception <a 'java/lang/NoSuchMethodError': <clinit>> (0x00000000e6544398) thrown at [D:\src\AOSP-openjdk-cygwin\jdk8u\hotspot\src\share\vm\prims\jni.cpp, line 1614]
Event: 299.985 Thread 0x000000001e85a000 Exception <a 'java/lang/NoSuchMethodError': <clinit>> (0x00000000e6545880) thrown at [D:\src\AOSP-openjdk-cygwin\jdk8u\hotspot\src\share\vm\prims\jni.cpp, line 1614]
Event: 299.985 Thread 0x000000001e85a000 Exception <a 'java/lang/NoSuchMethodError': <clinit>> (0x00000000e6546fb8) thrown at [D:\src\AOSP-openjdk-cygwin\jdk8u\hotspot\src\share\vm\prims\jni.cpp, line 1614]
Event: 299.985 Thread 0x000000001e85a000 Exception <a 'java/lang/NoSuchMethodError': <clinit>> (0x00000000e65485a0) thrown at [D:\src\AOSP-openjdk-cygwin\jdk8u\hotspot\src\share\vm\prims\jni.cpp, line 1614]
Event: 299.985 Thread 0x000000001e85a000 Exception <a 'java/lang/NoSuchMethodError': <clinit>> (0x00000000e6549a28) thrown at [D:\src\AOSP-openjdk-cygwin\jdk8u\hotspot\src\share\vm\prims\jni.cpp, line 1614]
Event: 311.515 Thread 0x0000000025654800 Exception <a 'sun/nio/fs/WindowsException'> (0x00000000eb754ab8) thrown at [D:\src\AOSP-openjdk-cygwin\jdk8u\hotspot\src\share\vm\prims\jni.cpp, line 710]
Event: 311.515 Thread 0x0000000025654800 Exception <a 'sun/nio/fs/WindowsException'> (0x00000000eb754f60) thrown at [D:\src\AOSP-openjdk-cygwin\jdk8u\hotspot\src\share\vm\prims\jni.cpp, line 710]

Events (10 events):
Event: 311.693 Thread 0x0000000016dbb800 flushing nmethod 0x000000000527ebd0
Event: 311.694 Thread 0x0000000016dbb800 flushing nmethod 0x00000000053bfa50
Event: 311.694 Thread 0x0000000016dbb800 flushing nmethod 0x00000000053d4550
Event: 311.735 Thread 0x0000000016dbb800 flushing nmethod 0x000000000576cc90
Event: 311.736 Thread 0x0000000016dbb800 flushing nmethod 0x000000000579e490
Event: 311.740 Thread 0x0000000016dbb800 flushing nmethod 0x0000000005b72050
Event: 311.743 Thread 0x0000000016dbb800 flushing nmethod 0x0000000005ebabd0
Event: 311.743 Thread 0x0000000016dbb800 flushing nmethod 0x0000000005ee19d0
Event: 311.779 Thread 0x0000000016dbb800 flushing nmethod 0x0000000006928dd0
Event: 311.787 Thread 0x0000000016dbb800 flushing nmethod 0x0000000006eeb050


Dynamic libraries:
0x00007ff6c4900000 - 0x00007ff6c4931000 	C:\Program Files\Android\Android Studio\jre\bin\java.exe
0x00007ff910fe0000 - 0x00007ff9111d0000 	C:\WINDOWS\SYSTEM32\ntdll.dll
0x00007ff910980000 - 0x00007ff910a32000 	C:\WINDOWS\System32\KERNEL32.DLL
0x00007ff90e290000 - 0x00007ff90e533000 	C:\WINDOWS\System32\KERNELBASE.dll
0x00007ff910ef0000 - 0x00007ff910f93000 	C:\WINDOWS\System32\ADVAPI32.dll
0x00007ff9108e0000 - 0x00007ff91097e000 	C:\WINDOWS\System32\msvcrt.dll
0x00007ff910a40000 - 0x00007ff910ad7000 	C:\WINDOWS\System32\sechost.dll
0x00007ff90f1f0000 - 0x00007ff90f310000 	C:\WINDOWS\System32\RPCRT4.dll
0x00007ff90fca0000 - 0x00007ff90fe34000 	C:\WINDOWS\System32\USER32.dll
0x00007ff90e260000 - 0x00007ff90e281000 	C:\WINDOWS\System32\win32u.dll
0x00007ff90f380000 - 0x00007ff90f3a6000 	C:\WINDOWS\System32\GDI32.dll
0x00007ff90e060000 - 0x00007ff90e1f4000 	C:\WINDOWS\System32\gdi32full.dll
0x00007ff90dfc0000 - 0x00007ff90e05e000 	C:\WINDOWS\System32\msvcp_win.dll
0x00007ff90ef90000 - 0x00007ff90f08a000 	C:\WINDOWS\System32\ucrtbase.dll
0x00007ff8ffc00000 - 0x00007ff8ffe85000 	C:\WINDOWS\WinSxS\amd64_microsoft.windows.common-controls_6595b64144ccf1df_6.0.18362.720_none_e6beb5c51314836b\COMCTL32.dll
0x00007ff910ae0000 - 0x00007ff910e16000 	C:\WINDOWS\System32\combase.dll
0x00007ff90ed70000 - 0x00007ff90edf0000 	C:\WINDOWS\System32\bcryptPrimitives.dll
0x00007ff9106f0000 - 0x00007ff91071e000 	C:\WINDOWS\System32\IMM32.DLL
0x0000000062570000 - 0x0000000062642000 	C:\Program Files\Android\Android Studio\jre\jre\bin\msvcr100.dll
0x000000005fe90000 - 0x00000000606d6000 	C:\Program Files\Android\Android Studio\jre\jre\bin\server\jvm.dll
0x00007ff9108d0000 - 0x00007ff9108d8000 	C:\WINDOWS\System32\PSAPI.DLL
0x00007ff8f9140000 - 0x00007ff8f9149000 	C:\WINDOWS\SYSTEM32\WSOCK32.dll
0x00007ff90f310000 - 0x00007ff90f37f000 	C:\WINDOWS\System32\WS2_32.dll
0x00007ff90a9b0000 - 0x00007ff90a9d4000 	C:\WINDOWS\SYSTEM32\WINMM.dll
0x00007ff905690000 - 0x00007ff90569a000 	C:\WINDOWS\SYSTEM32\VERSION.dll
0x00007ff90a980000 - 0x00007ff90a9ad000 	C:\WINDOWS\SYSTEM32\WINMMBASE.dll
0x00007ff90df70000 - 0x00007ff90dfba000 	C:\WINDOWS\System32\cfgmgr32.dll
0x00007ff8eb500000 - 0x00007ff8eb50f000 	C:\Program Files\Android\Android Studio\jre\jre\bin\verify.dll
0x00007ff8e2960000 - 0x00007ff8e2989000 	C:\Program Files\Android\Android Studio\jre\jre\bin\java.dll
0x00007ff8e66c0000 - 0x00007ff8e66d6000 	C:\Program Files\Android\Android Studio\jre\jre\bin\zip.dll
0x00007ff90f5b0000 - 0x00007ff90fc95000 	C:\WINDOWS\System32\SHELL32.dll
0x00007ff90f500000 - 0x00007ff90f5a9000 	C:\WINDOWS\System32\shcore.dll
0x00007ff90e540000 - 0x00007ff90ecc0000 	C:\WINDOWS\System32\windows.storage.dll
0x00007ff90df20000 - 0x00007ff90df43000 	C:\WINDOWS\System32\profapi.dll
0x00007ff90deb0000 - 0x00007ff90defa000 	C:\WINDOWS\System32\powrprof.dll
0x00007ff90dea0000 - 0x00007ff90deb0000 	C:\WINDOWS\System32\UMPDC.dll
0x00007ff90f190000 - 0x00007ff90f1e2000 	C:\WINDOWS\System32\shlwapi.dll
0x00007ff90df00000 - 0x00007ff90df11000 	C:\WINDOWS\System32\kernel.appcore.dll
0x00007ff90edf0000 - 0x00007ff90ee07000 	C:\WINDOWS\System32\cryptsp.dll
0x00007ff8e29f0000 - 0x00007ff8e2a0a000 	C:\Program Files\Android\Android Studio\jre\jre\bin\net.dll
0x00007ff900db0000 - 0x00007ff900f85000 	C:\WINDOWS\SYSTEM32\urlmon.dll
0x00007ff900b00000 - 0x00007ff900da6000 	C:\WINDOWS\SYSTEM32\iertutil.dll
0x00007ff90d8e0000 - 0x00007ff90d8ec000 	C:\WINDOWS\SYSTEM32\CRYPTBASE.DLL
0x00007ff90d710000 - 0x00007ff90d777000 	C:\WINDOWS\system32\mswsock.dll
0x00007ff8df5c0000 - 0x00007ff8df5d3000 	C:\Program Files\Android\Android Studio\jre\jre\bin\nio.dll
0x00007ff8fa0e0000 - 0x00007ff8fa106000 	C:\Users\Caroline\.gradle\native\30\windows-amd64\native-platform.dll
0x00007ff8eb220000 - 0x00007ff8eb22d000 	C:\Program Files\Android\Android Studio\jre\jre\bin\management.dll
0x00007ff90d280000 - 0x00007ff90d2b3000 	C:\WINDOWS\system32\rsaenh.dll
0x00007ff90ef60000 - 0x00007ff90ef86000 	C:\WINDOWS\System32\bcrypt.dll
0x00007ff90dd90000 - 0x00007ff90ddb5000 	C:\WINDOWS\SYSTEM32\USERENV.dll
0x00007ff90d420000 - 0x00007ff90d45a000 	C:\WINDOWS\SYSTEM32\IPHLPAPI.DLL
0x00007ff90ff70000 - 0x00007ff90ff78000 	C:\WINDOWS\System32\NSI.dll
0x00007ff9024b0000 - 0x00007ff9024c6000 	C:\WINDOWS\SYSTEM32\dhcpcsvc6.DLL
0x00007ff902920000 - 0x00007ff90293c000 	C:\WINDOWS\SYSTEM32\dhcpcsvc.DLL
0x00007ff90d460000 - 0x00007ff90d52a000 	C:\WINDOWS\SYSTEM32\DNSAPI.dll
0x00007ff90d070000 - 0x00007ff90d0a1000 	C:\WINDOWS\SYSTEM32\ntmarta.dll

VM Arguments:
jvm_args: -Xmx1536m -Dfile.encoding=windows-1252 -Duser.country=FR -Duser.language=fr -Duser.variant 
java_command: org.gradle.launcher.daemon.bootstrap.GradleDaemon 5.6.4
java_class_path (initial): C:\Users\Caroline\.gradle\wrapper\dists\gradle-5.6.4-all\ankdp27end7byghfw1q2sw75f\gradle-5.6.4\lib\gradle-launcher-5.6.4.jar
Launcher Type: SUN_STANDARD

Environment Variables:
PATH=C:\ProgramData\Oracle\Java\javapath;C:\Program Files (x86)\Intel\iCLS Client\;C:\Program Files\Intel\iCLS Client\;C:\Windows\system32;C:\Windows;C:\Windows\System32\Wbem;C:\Windows\System32\WindowsPowerShell\v1.0\;C:\Program Files\Intel\Intel(R) Management Engine Components\DAL;C:\Program Files\Intel\Intel(R) Management Engine Components\IPT;C:\Program Files (x86)\Intel\Intel(R) Management Engine Components\DAL;C:\Program Files (x86)\Intel\Intel(R) Management Engine Components\IPT;C:\Program Files (x86)\CodeBlocks\MinGW\bin;C:\Program Files (x86)\IVI Foundation\IVI\bin;C:\Program Files\IVI Foundation\IVI\bin;C:\Program Files (x86)\IVI Foundation\VISA\WinNT\Bin\;C:\Program Files\IVI Foundation\VISA\Win64\Bin\;C:\Program Files (x86)\IVI Foundation\VISA\WinNT\Bin;C:\Program Files (x86)\NVIDIA Corporation\PhysX\Common;C:\Program Files\Intel\WiFi\bin\;C:\Program Files\Common Files\Intel\WirelessCommon\;C:\WINDOWS\system32;C:\WINDOWS;C:\WINDOWS\System32\Wbem;C:\WINDOWS\System32\WindowsPowerShell\v1.0\;C:\WINDOWS\System32\OpenSSH\;C:\Program Files\MATLAB\R2019a\runtime\win64;C:\Program Files\MATLAB\R2019a\bin;C:\Program Files\NVIDIA Corporation\NVIDIA NvDLISR;C:\Users\Caroline\AppData\Roaming\Quest Software\vWorkspace Client\;C:\Users\Caroline\AppData\Roaming\Dashlane\4.6.5.21982\bin\Firefox_Extension\{442718d9-475e-452a-b3e1-fb1ee16b8e9f}\components;C:\Users\Caroline\AppData\Roaming\Dashlane\4.6.6.23032\bin\Firefox_Extension\{442718d9-475e-452a-b3e1-fb1ee16b8e9f}\components;C:\Users\Caroline\AppData\Local\Microsoft\WindowsApps;C:\Users\Caroline\AppData\Roaming\Dashlane\6.1907.0.17833\bin\Firefox_Extension\{442718d9-475e-452a-b3e1-fb1ee16b8e9f}\components;C:\Users\Caroline\AppData\Roaming\Dashlane\6.1907.0.17833\ucrt;C:\Users\Caroline\AppData\Roaming\Dashlane\6.1907.0.17833\bin\Qt;C:\Users\Caroline\AppData\Roaming\Dashlane\6.1907.0.17833\bin\Ssl;C:\Users\Caroline\AppData\Local\GitHubDesktop\bin
USERNAME=Caroline
OS=Windows_NT
PROCESSOR_IDENTIFIER=Intel64 Family 6 Model 69 Stepping 1, GenuineIntel



---------------  S Y S T E M  ---------------

OS: Windows 10.0 , 64 bit Build 18362 (10.0.18362.329)

CPU:total 4 (initial active 4) (2 cores per cpu, 2 threads per core) family 6 model 69 stepping 1, cmov, cx8, fxsr, mmx, sse, sse2, sse3, ssse3, sse4.1, sse4.2, popcnt, avx, avx2, aes, clmul, erms, lzcnt, ht, tsc, tscinvbit, bmi1, bmi2

Memory: 4k page, physical 8274856k(327676k free), swap 10226600k(2972k free)

vm_info: OpenJDK 64-Bit Server VM (25.212-b04) for windows-amd64 JRE (1.8.0_212-release-1586-b04), built by "builder" with MS VC++ 10.0 (VS2010)

time: Thu Apr 02 08:43:47 2020
timezone: Paris, Madrid (heure d’été)
elapsed time: 312 seconds (0d 0h 5m 12s)

